{"/home/moat/Documents/Berlin42/core/transcendance/frontend/src/AppRoutes.tsx": {"path":"/home/moat/Documents/Berlin42/core/transcendance/frontend/src/AppRoutes.tsx","statementMap":{"0":{"start":{"line":14,"column":15},"end":{"line":14,"column":null}},"1":{"start":{"line":15,"column":1},"end":{"line":17,"column":null}},"2":{"start":{"line":16,"column":2},"end":{"line":16,"column":null}},"3":{"start":{"line":18,"column":1},"end":{"line":18,"column":null}},"4":{"start":{"line":22,"column":15},"end":{"line":22,"column":null}},"5":{"start":{"line":23,"column":1},"end":{"line":25,"column":null}},"6":{"start":{"line":24,"column":2},"end":{"line":24,"column":null}},"7":{"start":{"line":26,"column":1},"end":{"line":26,"column":null}},"8":{"start":{"line":30,"column":30},"end":{"line":30,"column":null}},"9":{"start":{"line":31,"column":7},"end":{"line":31,"column":null}},"10":{"start":{"line":33,"column":38},"end":{"line":39,"column":null}},"11":{"start":{"line":34,"column":8},"end":{"line":34,"column":null}},"12":{"start":{"line":35,"column":2},"end":{"line":37,"column":null}},"13":{"start":{"line":36,"column":3},"end":{"line":36,"column":null}},"14":{"start":{"line":38,"column":2},"end":{"line":38,"column":null}},"15":{"start":{"line":41,"column":27},"end":{"line":43,"column":null}},"16":{"start":{"line":42,"column":2},"end":{"line":42,"column":null}},"17":{"start":{"line":45,"column":22},"end":{"line":48,"column":null}},"18":{"start":{"line":46,"column":2},"end":{"line":46,"column":null}},"19":{"start":{"line":47,"column":2},"end":{"line":47,"column":null}},"20":{"start":{"line":50,"column":7},"end":{"line":52,"column":null}},"21":{"start":{"line":51,"column":2},"end":{"line":51,"column":null}},"22":{"start":{"line":54,"column":1},"end":{"line":56,"column":null}},"23":{"start":{"line":55,"column":2},"end":{"line":55,"column":null}},"24":{"start":{"line":57,"column":1},"end":{"line":87,"column":null}},"25":{"start":{"line":63,"column":34},"end":{"line":63,"column":null}},"26":{"start":{"line":68,"column":30},"end":{"line":68,"column":52}},"27":{"start":{"line":74,"column":21},"end":{"line":74,"column":null}},"28":{"start":{"line":82,"column":32},"end":{"line":82,"column":null}}},"fnMap":{"0":{"name":"ProtectedRoute","decl":{"start":{"line":13,"column":9},"end":{"line":13,"column":24}},"loc":{"start":{"line":13,"column":67},"end":{"line":19,"column":null}},"line":13},"1":{"name":"PublicRoute","decl":{"start":{"line":21,"column":9},"end":{"line":21,"column":21}},"loc":{"start":{"line":21,"column":64},"end":{"line":27,"column":null}},"line":21},"2":{"name":"AppRoutes","decl":{"start":{"line":29,"column":24},"end":{"line":29,"column":null}},"loc":{"start":{"line":29,"column":24},"end":{"line":91,"column":null}},"line":29},"3":{"name":"(anonymous_3)","decl":{"start":{"line":33,"column":70},"end":{"line":33,"column":null}},"loc":{"start":{"line":33,"column":70},"end":{"line":39,"column":null}},"line":33},"4":{"name":"(anonymous_4)","decl":{"start":{"line":41,"column":27},"end":{"line":41,"column":null}},"loc":{"start":{"line":41,"column":27},"end":{"line":43,"column":null}},"line":41},"5":{"name":"(anonymous_5)","decl":{"start":{"line":45,"column":22},"end":{"line":45,"column":null}},"loc":{"start":{"line":45,"column":22},"end":{"line":48,"column":null}},"line":45},"6":{"name":"(anonymous_6)","decl":{"start":{"line":50,"column":40},"end":{"line":50,"column":null}},"loc":{"start":{"line":50,"column":40},"end":{"line":52,"column":4}},"line":50},"7":{"name":"(anonymous_7)","decl":{"start":{"line":63,"column":28},"end":{"line":63,"column":34}},"loc":{"start":{"line":63,"column":34},"end":{"line":63,"column":null}},"line":63},"8":{"name":"(anonymous_8)","decl":{"start":{"line":68,"column":24},"end":{"line":68,"column":30}},"loc":{"start":{"line":68,"column":30},"end":{"line":68,"column":52}},"line":68},"9":{"name":"(anonymous_9)","decl":{"start":{"line":74,"column":15},"end":{"line":74,"column":21}},"loc":{"start":{"line":74,"column":21},"end":{"line":74,"column":null}},"line":74},"10":{"name":"(anonymous_10)","decl":{"start":{"line":82,"column":26},"end":{"line":82,"column":32}},"loc":{"start":{"line":82,"column":32},"end":{"line":82,"column":null}},"line":82}},"branchMap":{"0":{"loc":{"start":{"line":15,"column":1},"end":{"line":17,"column":null}},"type":"if","locations":[{"start":{"line":15,"column":1},"end":{"line":17,"column":null}},{"start":{},"end":{}}],"line":15},"1":{"loc":{"start":{"line":23,"column":1},"end":{"line":25,"column":null}},"type":"if","locations":[{"start":{"line":23,"column":1},"end":{"line":25,"column":null}},{"start":{},"end":{}}],"line":23},"2":{"loc":{"start":{"line":35,"column":2},"end":{"line":37,"column":null}},"type":"if","locations":[{"start":{"line":35,"column":2},"end":{"line":37,"column":null}},{"start":{},"end":{}}],"line":35},"3":{"loc":{"start":{"line":54,"column":1},"end":{"line":56,"column":null}},"type":"if","locations":[{"start":{"line":54,"column":1},"end":{"line":56,"column":null}},{"start":{},"end":{}}],"line":54}},"s":{"0":3,"1":3,"2":1,"3":2,"4":7,"5":7,"6":1,"7":6,"8":20,"9":20,"10":20,"11":9,"12":9,"13":1,"14":9,"15":20,"16":0,"17":20,"18":0,"19":0,"20":20,"21":0,"22":20,"23":9,"24":11,"25":0,"26":0,"27":0,"28":0},"f":{"0":3,"1":7,"2":20,"3":9,"4":0,"5":0,"6":0,"7":0,"8":0,"9":0,"10":0},"b":{"0":[1,2],"1":[1,6],"2":[1,8],"3":[9,11]},"meta":{"lastBranch":4,"lastFunction":11,"lastStatement":29,"seen":{"f:13:9:13:24":0,"s:14:15:14:Infinity":0,"b:15:1:17:Infinity:undefined:undefined:undefined:undefined":0,"s:15:1:17:Infinity":1,"s:16:2:16:Infinity":2,"s:18:1:18:Infinity":3,"f:21:9:21:21":1,"s:22:15:22:Infinity":4,"b:23:1:25:Infinity:undefined:undefined:undefined:undefined":1,"s:23:1:25:Infinity":5,"s:24:2:24:Infinity":6,"s:26:1:26:Infinity":7,"f:29:24:29:Infinity":2,"s:30:30:30:Infinity":8,"s:31:7:31:Infinity":9,"s:33:38:39:Infinity":10,"f:33:70:33:Infinity":3,"s:34:8:34:Infinity":11,"b:35:2:37:Infinity:undefined:undefined:undefined:undefined":2,"s:35:2:37:Infinity":12,"s:36:3:36:Infinity":13,"s:38:2:38:Infinity":14,"s:41:27:43:Infinity":15,"f:41:27:41:Infinity":4,"s:42:2:42:Infinity":16,"s:45:22:48:Infinity":17,"f:45:22:45:Infinity":5,"s:46:2:46:Infinity":18,"s:47:2:47:Infinity":19,"s:50:7:52:Infinity":20,"f:50:40:50:Infinity":6,"s:51:2:51:Infinity":21,"b:54:1:56:Infinity:undefined:undefined:undefined:undefined":3,"s:54:1:56:Infinity":22,"s:55:2:55:Infinity":23,"s:57:1:87:Infinity":24,"f:63:28:63:34":7,"s:63:34:63:Infinity":25,"f:68:24:68:30":8,"s:68:30:68:52":26,"f:74:15:74:21":9,"s:74:21:74:Infinity":27,"f:82:26:82:32":10,"s:82:32:82:Infinity":28}}}
,"/home/moat/Documents/Berlin42/core/transcendance/frontend/src/api/auth.ts": {"path":"/home/moat/Documents/Berlin42/core/transcendance/frontend/src/api/auth.ts","statementMap":{"0":{"start":{"line":16,"column":18},"end":{"line":20,"column":null}},"1":{"start":{"line":21,"column":1},"end":{"line":21,"column":null}},"2":{"start":{"line":36,"column":18},"end":{"line":40,"column":null}},"3":{"start":{"line":41,"column":1},"end":{"line":41,"column":null}},"4":{"start":{"line":49,"column":1},"end":{"line":49,"column":null}},"5":{"start":{"line":58,"column":18},"end":{"line":59,"column":null}},"6":{"start":{"line":61,"column":1},"end":{"line":61,"column":null}},"7":{"start":{"line":75,"column":18},"end":{"line":77,"column":null}},"8":{"start":{"line":79,"column":1},"end":{"line":79,"column":null}}},"fnMap":{"0":{"name":"login","decl":{"start":{"line":11,"column":22},"end":{"line":11,"column":null}},"loc":{"start":{"line":14,"column":18},"end":{"line":22,"column":null}},"line":14},"1":{"name":"register","decl":{"start":{"line":31,"column":22},"end":{"line":31,"column":null}},"loc":{"start":{"line":34,"column":17},"end":{"line":42,"column":null}},"line":34},"2":{"name":"logout","decl":{"start":{"line":48,"column":22},"end":{"line":48,"column":null}},"loc":{"start":{"line":48,"column":22},"end":{"line":50,"column":null}},"line":48},"3":{"name":"refreshJWT","decl":{"start":{"line":57,"column":22},"end":{"line":57,"column":null}},"loc":{"start":{"line":57,"column":22},"end":{"line":62,"column":null}},"line":57},"4":{"name":"reauth","decl":{"start":{"line":71,"column":22},"end":{"line":71,"column":null}},"loc":{"start":{"line":73,"column":18},"end":{"line":80,"column":null}},"line":73}},"branchMap":{},"s":{"0":13,"1":7,"2":2,"3":2,"4":2,"5":1,"6":1,"7":9,"8":7},"f":{"0":13,"1":2,"2":2,"3":1,"4":9},"b":{},"meta":{"lastBranch":0,"lastFunction":5,"lastStatement":9,"seen":{"f:11:22:11:Infinity":0,"s:16:18:20:Infinity":0,"s:21:1:21:Infinity":1,"f:31:22:31:Infinity":1,"s:36:18:40:Infinity":2,"s:41:1:41:Infinity":3,"f:48:22:48:Infinity":2,"s:49:1:49:Infinity":4,"f:57:22:57:Infinity":3,"s:58:18:59:Infinity":5,"s:61:1:61:Infinity":6,"f:71:22:71:Infinity":4,"s:75:18:77:Infinity":7,"s:79:1:79:Infinity":8}}}
,"/home/moat/Documents/Berlin42/core/transcendance/frontend/src/api/client.ts": {"path":"/home/moat/Documents/Berlin42/core/transcendance/frontend/src/api/client.ts","statementMap":{"0":{"start":{"line":11,"column":18},"end":{"line":14,"column":null}},"1":{"start":{"line":19,"column":20},"end":{"line":21,"column":null}},"2":{"start":{"line":20,"column":1},"end":{"line":20,"column":null}},"3":{"start":{"line":26,"column":19},"end":{"line":101,"column":null}},"4":{"start":{"line":27,"column":25},"end":{"line":27,"column":37}},"5":{"start":{"line":29,"column":1},"end":{"line":31,"column":null}},"6":{"start":{"line":30,"column":2},"end":{"line":30,"column":null}},"7":{"start":{"line":33,"column":1},"end":{"line":35,"column":null}},"8":{"start":{"line":34,"column":2},"end":{"line":34,"column":null}},"9":{"start":{"line":38,"column":1},"end":{"line":42,"column":null}},"10":{"start":{"line":39,"column":2},"end":{"line":39,"column":null}},"11":{"start":{"line":40,"column":2},"end":{"line":40,"column":null}},"12":{"start":{"line":41,"column":2},"end":{"line":41,"column":null}},"13":{"start":{"line":45,"column":1},"end":{"line":99,"column":null}},"14":{"start":{"line":46,"column":8},"end":{"line":46,"column":null}},"15":{"start":{"line":49,"column":21},"end":{"line":49,"column":null}},"16":{"start":{"line":50,"column":2},"end":{"line":61,"column":null}},"17":{"start":{"line":51,"column":3},"end":{"line":51,"column":null}},"18":{"start":{"line":52,"column":3},"end":{"line":60,"column":null}},"19":{"start":{"line":53,"column":4},"end":{"line":53,"column":null}},"20":{"start":{"line":54,"column":4},"end":{"line":54,"column":null}},"21":{"start":{"line":56,"column":4},"end":{"line":56,"column":null}},"22":{"start":{"line":57,"column":4},"end":{"line":57,"column":null}},"23":{"start":{"line":58,"column":4},"end":{"line":58,"column":null}},"24":{"start":{"line":59,"column":4},"end":{"line":59,"column":null}},"25":{"start":{"line":65,"column":27},"end":{"line":69,"column":null}},"26":{"start":{"line":70,"column":2},"end":{"line":72,"column":null}},"27":{"start":{"line":71,"column":3},"end":{"line":71,"column":null}},"28":{"start":{"line":75,"column":28},"end":{"line":78,"column":null}},"29":{"start":{"line":79,"column":2},"end":{"line":82,"column":null}},"30":{"start":{"line":80,"column":3},"end":{"line":80,"column":null}},"31":{"start":{"line":81,"column":3},"end":{"line":81,"column":null}},"32":{"start":{"line":83,"column":2},"end":{"line":87,"column":null}},"33":{"start":{"line":85,"column":3},"end":{"line":85,"column":null}},"34":{"start":{"line":86,"column":3},"end":{"line":86,"column":null}},"35":{"start":{"line":89,"column":2},"end":{"line":92,"column":null}},"36":{"start":{"line":91,"column":3},"end":{"line":91,"column":null}},"37":{"start":{"line":93,"column":2},"end":{"line":96,"column":null}},"38":{"start":{"line":94,"column":3},"end":{"line":94,"column":null}},"39":{"start":{"line":95,"column":3},"end":{"line":95,"column":null}},"40":{"start":{"line":97,"column":2},"end":{"line":97,"column":null}},"41":{"start":{"line":98,"column":2},"end":{"line":98,"column":null}},"42":{"start":{"line":100,"column":1},"end":{"line":100,"column":null}},"43":{"start":{"line":103,"column":0},"end":{"line":103,"column":null}}},"fnMap":{"0":{"name":"(anonymous_0)","decl":{"start":{"line":19,"column":20},"end":{"line":19,"column":21}},"loc":{"start":{"line":19,"column":21},"end":{"line":21,"column":null}},"line":19},"1":{"name":"(anonymous_1)","decl":{"start":{"line":26,"column":19},"end":{"line":26,"column":26}},"loc":{"start":{"line":26,"column":26},"end":{"line":101,"column":null}},"line":26}},"branchMap":{"0":{"loc":{"start":{"line":29,"column":1},"end":{"line":31,"column":null}},"type":"if","locations":[{"start":{"line":29,"column":1},"end":{"line":31,"column":null}},{"start":{},"end":{}}],"line":29},"1":{"loc":{"start":{"line":33,"column":1},"end":{"line":35,"column":null}},"type":"if","locations":[{"start":{"line":33,"column":1},"end":{"line":35,"column":null}},{"start":{},"end":{}}],"line":33},"2":{"loc":{"start":{"line":38,"column":1},"end":{"line":42,"column":null}},"type":"if","locations":[{"start":{"line":38,"column":1},"end":{"line":42,"column":null}},{"start":{},"end":{}}],"line":38},"3":{"loc":{"start":{"line":45,"column":1},"end":{"line":99,"column":null}},"type":"if","locations":[{"start":{"line":45,"column":1},"end":{"line":99,"column":null}},{"start":{},"end":{}}],"line":45},"4":{"loc":{"start":{"line":49,"column":45},"end":{"line":49,"column":null}},"type":"binary-expr","locations":[{"start":{"line":49,"column":45},"end":{"line":49,"column":54}},{"start":{"line":49,"column":54},"end":{"line":49,"column":null}}],"line":49},"5":{"loc":{"start":{"line":50,"column":2},"end":{"line":61,"column":null}},"type":"if","locations":[{"start":{"line":50,"column":2},"end":{"line":61,"column":null}},{"start":{},"end":{}}],"line":50},"6":{"loc":{"start":{"line":50,"column":6},"end":{"line":50,"column":43}},"type":"binary-expr","locations":[{"start":{"line":50,"column":6},"end":{"line":50,"column":20}},{"start":{"line":50,"column":20},"end":{"line":50,"column":43}}],"line":50},"7":{"loc":{"start":{"line":70,"column":2},"end":{"line":72,"column":null}},"type":"if","locations":[{"start":{"line":70,"column":2},"end":{"line":72,"column":null}},{"start":{},"end":{}}],"line":70},"8":{"loc":{"start":{"line":70,"column":32},"end":{"line":70,"column":46}},"type":"binary-expr","locations":[{"start":{"line":70,"column":32},"end":{"line":70,"column":41}},{"start":{"line":70,"column":41},"end":{"line":70,"column":46}}],"line":70},"9":{"loc":{"start":{"line":79,"column":2},"end":{"line":82,"column":null}},"type":"if","locations":[{"start":{"line":79,"column":2},"end":{"line":82,"column":null}},{"start":{},"end":{}}],"line":79},"10":{"loc":{"start":{"line":79,"column":33},"end":{"line":79,"column":47}},"type":"binary-expr","locations":[{"start":{"line":79,"column":33},"end":{"line":79,"column":42}},{"start":{"line":79,"column":42},"end":{"line":79,"column":47}}],"line":79},"11":{"loc":{"start":{"line":83,"column":2},"end":{"line":87,"column":null}},"type":"if","locations":[{"start":{"line":83,"column":2},"end":{"line":87,"column":null}},{"start":{},"end":{}}],"line":83},"12":{"loc":{"start":{"line":89,"column":2},"end":{"line":92,"column":null}},"type":"if","locations":[{"start":{"line":89,"column":2},"end":{"line":92,"column":null}},{"start":{},"end":{}}],"line":89},"13":{"loc":{"start":{"line":89,"column":79},"end":{"line":89,"column":93}},"type":"binary-expr","locations":[{"start":{"line":89,"column":79},"end":{"line":89,"column":88}},{"start":{"line":89,"column":88},"end":{"line":89,"column":93}}],"line":89},"14":{"loc":{"start":{"line":93,"column":2},"end":{"line":96,"column":null}},"type":"if","locations":[{"start":{"line":93,"column":2},"end":{"line":96,"column":null}},{"start":{},"end":{}}],"line":93}},"s":{"0":23,"1":23,"2":121,"3":23,"4":29,"5":29,"6":0,"7":29,"8":12,"9":17,"10":0,"11":0,"12":0,"13":17,"14":14,"15":14,"16":14,"17":1,"18":1,"19":1,"20":1,"21":0,"22":0,"23":0,"24":0,"25":13,"26":13,"27":3,"28":10,"29":10,"30":0,"31":0,"32":10,"33":0,"34":0,"35":10,"36":10,"37":0,"38":0,"39":0,"40":0,"41":0,"42":3,"43":23},"f":{"0":121,"1":29},"b":{"0":[0,29],"1":[12,17],"2":[0,17],"3":[14,3],"4":[14,0],"5":[1,13],"6":[14,1],"7":[3,10],"8":[13,0],"9":[0,10],"10":[10,0],"11":[0,10],"12":[10,0],"13":[10,0],"14":[0,0]},"meta":{"lastBranch":15,"lastFunction":2,"lastStatement":44,"seen":{"s:11:18:14:Infinity":0,"s:19:20:21:Infinity":1,"f:19:20:19:21":0,"s:20:1:20:Infinity":2,"s:26:19:101:Infinity":3,"f:26:19:26:26":1,"s:27:25:27:37":4,"b:29:1:31:Infinity:undefined:undefined:undefined:undefined":0,"s:29:1:31:Infinity":5,"s:30:2:30:Infinity":6,"b:33:1:35:Infinity:undefined:undefined:undefined:undefined":1,"s:33:1:35:Infinity":7,"s:34:2:34:Infinity":8,"b:38:1:42:Infinity:undefined:undefined:undefined:undefined":2,"s:38:1:42:Infinity":9,"s:39:2:39:Infinity":10,"s:40:2:40:Infinity":11,"s:41:2:41:Infinity":12,"b:45:1:99:Infinity:undefined:undefined:undefined:undefined":3,"s:45:1:99:Infinity":13,"s:46:8:46:Infinity":14,"s:49:21:49:Infinity":15,"b:49:45:49:54:49:54:49:Infinity":4,"b:50:2:61:Infinity:undefined:undefined:undefined:undefined":5,"s:50:2:61:Infinity":16,"b:50:6:50:20:50:20:50:43":6,"s:51:3:51:Infinity":17,"s:52:3:60:Infinity":18,"s:53:4:53:Infinity":19,"s:54:4:54:Infinity":20,"s:56:4:56:Infinity":21,"s:57:4:57:Infinity":22,"s:58:4:58:Infinity":23,"s:59:4:59:Infinity":24,"s:65:27:69:Infinity":25,"b:70:2:72:Infinity:undefined:undefined:undefined:undefined":7,"s:70:2:72:Infinity":26,"b:70:32:70:41:70:41:70:46":8,"s:71:3:71:Infinity":27,"s:75:28:78:Infinity":28,"b:79:2:82:Infinity:undefined:undefined:undefined:undefined":9,"s:79:2:82:Infinity":29,"b:79:33:79:42:79:42:79:47":10,"s:80:3:80:Infinity":30,"s:81:3:81:Infinity":31,"b:83:2:87:Infinity:undefined:undefined:undefined:undefined":11,"s:83:2:87:Infinity":32,"s:85:3:85:Infinity":33,"s:86:3:86:Infinity":34,"b:89:2:92:Infinity:undefined:undefined:undefined:undefined":12,"s:89:2:92:Infinity":35,"b:89:79:89:88:89:88:89:93":13,"s:91:3:91:Infinity":36,"b:93:2:96:Infinity:undefined:undefined:undefined:undefined":14,"s:93:2:96:Infinity":37,"s:94:3:94:Infinity":38,"s:95:3:95:Infinity":39,"s:97:2:97:Infinity":40,"s:98:2:98:Infinity":41,"s:100:1:100:Infinity":42,"s:103:0:103:Infinity":43}}}
,"/home/moat/Documents/Berlin42/core/transcendance/frontend/src/api/error.ts": {"path":"/home/moat/Documents/Berlin42/core/transcendance/frontend/src/api/error.ts","statementMap":{"0":{"start":{"line":17,"column":1},"end":{"line":21,"column":null}},"1":{"start":{"line":29,"column":1},"end":{"line":49,"column":null}},"2":{"start":{"line":31,"column":2},"end":{"line":33,"column":null}},"3":{"start":{"line":32,"column":3},"end":{"line":32,"column":null}},"4":{"start":{"line":34,"column":2},"end":{"line":45,"column":null}},"5":{"start":{"line":35,"column":21},"end":{"line":35,"column":46}},"6":{"start":{"line":36,"column":3},"end":{"line":38,"column":null}},"7":{"start":{"line":37,"column":4},"end":{"line":37,"column":null}},"8":{"start":{"line":39,"column":3},"end":{"line":41,"column":null}},"9":{"start":{"line":40,"column":4},"end":{"line":40,"column":null}},"10":{"start":{"line":42,"column":3},"end":{"line":44,"column":null}},"11":{"start":{"line":43,"column":4},"end":{"line":43,"column":null}},"12":{"start":{"line":46,"column":2},"end":{"line":48,"column":null}},"13":{"start":{"line":47,"column":3},"end":{"line":47,"column":null}},"14":{"start":{"line":50,"column":1},"end":{"line":52,"column":null}},"15":{"start":{"line":51,"column":2},"end":{"line":51,"column":null}},"16":{"start":{"line":53,"column":1},"end":{"line":53,"column":null}},"17":{"start":{"line":60,"column":47},"end":{"line":81,"column":null}},"18":{"start":{"line":82,"column":1},"end":{"line":82,"column":null}},"19":{"start":{"line":89,"column":17},"end":{"line":89,"column":null}},"20":{"start":{"line":90,"column":14},"end":{"line":92,"column":null}},"21":{"start":{"line":94,"column":32},"end":{"line":98,"column":null}},"22":{"start":{"line":99,"column":1},"end":{"line":99,"column":null}},"23":{"start":{"line":106,"column":16},"end":{"line":106,"column":null}},"24":{"start":{"line":107,"column":1},"end":{"line":109,"column":null}},"25":{"start":{"line":108,"column":2},"end":{"line":108,"column":null}},"26":{"start":{"line":110,"column":1},"end":{"line":123,"column":null}},"27":{"start":{"line":111,"column":16},"end":{"line":111,"column":null}},"28":{"start":{"line":112,"column":2},"end":{"line":112,"column":null}},"29":{"start":{"line":114,"column":23},"end":{"line":114,"column":null}},"30":{"start":{"line":115,"column":2},"end":{"line":117,"column":null}},"31":{"start":{"line":116,"column":3},"end":{"line":116,"column":null}},"32":{"start":{"line":118,"column":2},"end":{"line":118,"column":null}},"33":{"start":{"line":120,"column":2},"end":{"line":120,"column":null}},"34":{"start":{"line":121,"column":2},"end":{"line":121,"column":null}},"35":{"start":{"line":122,"column":2},"end":{"line":122,"column":null}},"36":{"start":{"line":130,"column":1},"end":{"line":132,"column":null}},"37":{"start":{"line":131,"column":2},"end":{"line":131,"column":null}},"38":{"start":{"line":133,"column":1},"end":{"line":133,"column":null}}},"fnMap":{"0":{"name":"isAxiosError","decl":{"start":{"line":16,"column":16},"end":{"line":16,"column":29}},"loc":{"start":{"line":16,"column":43},"end":{"line":23,"column":null}},"line":16},"1":{"name":"getErrorMessage","decl":{"start":{"line":28,"column":16},"end":{"line":28,"column":32}},"loc":{"start":{"line":28,"column":89},"end":{"line":54,"column":null}},"line":28},"2":{"name":"getMessageFromBrief","decl":{"start":{"line":59,"column":9},"end":{"line":59,"column":29}},"loc":{"start":{"line":59,"column":42},"end":{"line":83,"column":null}},"line":59},"3":{"name":"storeError","decl":{"start":{"line":88,"column":16},"end":{"line":88,"column":27}},"loc":{"start":{"line":88,"column":65},"end":{"line":100,"column":null}},"line":88},"4":{"name":"retrieveStoredError","decl":{"start":{"line":105,"column":16},"end":{"line":105,"column":null}},"loc":{"start":{"line":105,"column":16},"end":{"line":124,"column":null}},"line":105},"5":{"name":"getErrorBrief","decl":{"start":{"line":129,"column":16},"end":{"line":129,"column":30}},"loc":{"start":{"line":129,"column":44},"end":{"line":134,"column":null}},"line":129}},"branchMap":{"0":{"loc":{"start":{"line":18,"column":2},"end":{"line":21,"column":null}},"type":"binary-expr","locations":[{"start":{"line":18,"column":2},"end":{"line":18,"column":null}},{"start":{"line":19,"column":2},"end":{"line":19,"column":null}},{"start":{"line":20,"column":2},"end":{"line":20,"column":null}},{"start":{"line":21,"column":2},"end":{"line":21,"column":null}}],"line":18},"1":{"loc":{"start":{"line":28,"column":48},"end":{"line":28,"column":89}},"type":"default-arg","locations":[{"start":{"line":28,"column":59},"end":{"line":28,"column":89}}],"line":28},"2":{"loc":{"start":{"line":29,"column":1},"end":{"line":49,"column":null}},"type":"if","locations":[{"start":{"line":29,"column":1},"end":{"line":49,"column":null}},{"start":{},"end":{}}],"line":29},"3":{"loc":{"start":{"line":31,"column":2},"end":{"line":33,"column":null}},"type":"if","locations":[{"start":{"line":31,"column":2},"end":{"line":33,"column":null}},{"start":{},"end":{}}],"line":31},"4":{"loc":{"start":{"line":31,"column":6},"end":{"line":31,"column":38}},"type":"binary-expr","locations":[{"start":{"line":31,"column":6},"end":{"line":31,"column":19}},{"start":{"line":31,"column":23},"end":{"line":31,"column":38}}],"line":31},"5":{"loc":{"start":{"line":34,"column":2},"end":{"line":45,"column":null}},"type":"if","locations":[{"start":{"line":34,"column":2},"end":{"line":45,"column":null}},{"start":{},"end":{}}],"line":34},"6":{"loc":{"start":{"line":36,"column":3},"end":{"line":38,"column":null}},"type":"if","locations":[{"start":{"line":36,"column":3},"end":{"line":38,"column":null}},{"start":{},"end":{}}],"line":36},"7":{"loc":{"start":{"line":39,"column":3},"end":{"line":41,"column":null}},"type":"if","locations":[{"start":{"line":39,"column":3},"end":{"line":41,"column":null}},{"start":{},"end":{}}],"line":39},"8":{"loc":{"start":{"line":42,"column":3},"end":{"line":44,"column":null}},"type":"if","locations":[{"start":{"line":42,"column":3},"end":{"line":44,"column":null}},{"start":{},"end":{}}],"line":42},"9":{"loc":{"start":{"line":46,"column":2},"end":{"line":48,"column":null}},"type":"if","locations":[{"start":{"line":46,"column":2},"end":{"line":48,"column":null}},{"start":{},"end":{}}],"line":46},"10":{"loc":{"start":{"line":50,"column":1},"end":{"line":52,"column":null}},"type":"if","locations":[{"start":{"line":50,"column":1},"end":{"line":52,"column":null}},{"start":{},"end":{}}],"line":50},"11":{"loc":{"start":{"line":82,"column":8},"end":{"line":82,"column":64}},"type":"binary-expr","locations":[{"start":{"line":82,"column":8},"end":{"line":82,"column":28}},{"start":{"line":82,"column":32},"end":{"line":82,"column":64}}],"line":82},"12":{"loc":{"start":{"line":88,"column":43},"end":{"line":88,"column":65}},"type":"default-arg","locations":[{"start":{"line":88,"column":58},"end":{"line":88,"column":65}}],"line":88},"13":{"loc":{"start":{"line":90,"column":14},"end":{"line":92,"column":null}},"type":"cond-expr","locations":[{"start":{"line":91,"column":4},"end":{"line":91,"column":35}},{"start":{"line":92,"column":4},"end":{"line":92,"column":null}}],"line":90},"14":{"loc":{"start":{"line":90,"column":14},"end":{"line":90,"column":null}},"type":"binary-expr","locations":[{"start":{"line":90,"column":14},"end":{"line":90,"column":37}},{"start":{"line":90,"column":37},"end":{"line":90,"column":null}}],"line":90},"15":{"loc":{"start":{"line":107,"column":1},"end":{"line":109,"column":null}},"type":"if","locations":[{"start":{"line":107,"column":1},"end":{"line":109,"column":null}},{"start":{},"end":{}}],"line":107},"16":{"loc":{"start":{"line":115,"column":2},"end":{"line":117,"column":null}},"type":"if","locations":[{"start":{"line":115,"column":2},"end":{"line":117,"column":null}},{"start":{},"end":{}}],"line":115},"17":{"loc":{"start":{"line":130,"column":1},"end":{"line":132,"column":null}},"type":"if","locations":[{"start":{"line":130,"column":1},"end":{"line":132,"column":null}},{"start":{},"end":{}}],"line":130}},"s":{"0":63,"1":29,"2":22,"3":1,"4":21,"5":20,"6":20,"7":4,"8":16,"9":16,"10":0,"11":0,"12":1,"13":1,"14":7,"15":4,"16":3,"17":16,"18":16,"19":4,"20":4,"21":4,"22":4,"23":14,"24":14,"25":8,"26":6,"27":6,"28":6,"29":6,"30":6,"31":2,"32":3,"33":1,"34":1,"35":1,"36":22,"37":20,"38":2},"f":{"0":63,"1":29,"2":16,"3":4,"4":14,"5":22},"b":{"0":[63,59,55,45],"1":[29],"2":[22,7],"3":[1,21],"4":[22,22],"5":[20,1],"6":[4,16],"7":[16,0],"8":[0,0],"9":[1,0],"10":[4,3],"11":[16,1],"12":[4],"13":[1,3],"14":[4,1],"15":[8,6],"16":[2,4],"17":[20,2]},"meta":{"lastBranch":18,"lastFunction":6,"lastStatement":39,"seen":{"f:16:16:16:29":0,"s:17:1:21:Infinity":0,"b:18:2:18:Infinity:19:2:19:Infinity:20:2:20:Infinity:21:2:21:Infinity":0,"f:28:16:28:32":1,"b:28:59:28:89":1,"b:29:1:49:Infinity:undefined:undefined:undefined:undefined":2,"s:29:1:49:Infinity":1,"b:31:2:33:Infinity:undefined:undefined:undefined:undefined":3,"s:31:2:33:Infinity":2,"b:31:6:31:19:31:23:31:38":4,"s:32:3:32:Infinity":3,"b:34:2:45:Infinity:undefined:undefined:undefined:undefined":5,"s:34:2:45:Infinity":4,"s:35:21:35:46":5,"b:36:3:38:Infinity:undefined:undefined:undefined:undefined":6,"s:36:3:38:Infinity":6,"s:37:4:37:Infinity":7,"b:39:3:41:Infinity:undefined:undefined:undefined:undefined":7,"s:39:3:41:Infinity":8,"s:40:4:40:Infinity":9,"b:42:3:44:Infinity:undefined:undefined:undefined:undefined":8,"s:42:3:44:Infinity":10,"s:43:4:43:Infinity":11,"b:46:2:48:Infinity:undefined:undefined:undefined:undefined":9,"s:46:2:48:Infinity":12,"s:47:3:47:Infinity":13,"b:50:1:52:Infinity:undefined:undefined:undefined:undefined":10,"s:50:1:52:Infinity":14,"s:51:2:51:Infinity":15,"s:53:1:53:Infinity":16,"f:59:9:59:29":2,"s:60:47:81:Infinity":17,"s:82:1:82:Infinity":18,"b:82:8:82:28:82:32:82:64":11,"f:88:16:88:27":3,"b:88:58:88:65":12,"s:89:17:89:Infinity":19,"s:90:14:92:Infinity":20,"b:91:4:91:35:92:4:92:Infinity":13,"b:90:14:90:37:90:37:90:Infinity":14,"s:94:32:98:Infinity":21,"s:99:1:99:Infinity":22,"f:105:16:105:Infinity":4,"s:106:16:106:Infinity":23,"b:107:1:109:Infinity:undefined:undefined:undefined:undefined":15,"s:107:1:109:Infinity":24,"s:108:2:108:Infinity":25,"s:110:1:123:Infinity":26,"s:111:16:111:Infinity":27,"s:112:2:112:Infinity":28,"s:114:23:114:Infinity":29,"b:115:2:117:Infinity:undefined:undefined:undefined:undefined":16,"s:115:2:117:Infinity":30,"s:116:3:116:Infinity":31,"s:118:2:118:Infinity":32,"s:120:2:120:Infinity":33,"s:121:2:121:Infinity":34,"s:122:2:122:Infinity":35,"f:129:16:129:30":5,"b:130:1:132:Infinity:undefined:undefined:undefined:undefined":17,"s:130:1:132:Infinity":36,"s:131:2:131:Infinity":37,"s:133:1:133:Infinity":38}}}
,"/home/moat/Documents/Berlin42/core/transcendance/frontend/src/api/user.ts": {"path":"/home/moat/Documents/Berlin42/core/transcendance/frontend/src/api/user.ts","statementMap":{"0":{"start":{"line":17,"column":18},"end":{"line":19,"column":null}},"1":{"start":{"line":20,"column":1},"end":{"line":20,"column":null}},"2":{"start":{"line":26,"column":18},"end":{"line":28,"column":null}},"3":{"start":{"line":29,"column":1},"end":{"line":29,"column":null}},"4":{"start":{"line":33,"column":18},"end":{"line":36,"column":null}},"5":{"start":{"line":37,"column":1},"end":{"line":37,"column":null}},"6":{"start":{"line":41,"column":1},"end":{"line":44,"column":null}},"7":{"start":{"line":50,"column":37},"end":{"line":50,"column":71}},"8":{"start":{"line":51,"column":18},"end":{"line":51,"column":null}},"9":{"start":{"line":52,"column":1},"end":{"line":52,"column":null}},"10":{"start":{"line":56,"column":43},"end":{"line":60,"column":null}},"11":{"start":{"line":61,"column":1},"end":{"line":61,"column":null}},"12":{"start":{"line":65,"column":1},"end":{"line":65,"column":null}},"13":{"start":{"line":69,"column":37},"end":{"line":69,"column":null}},"14":{"start":{"line":70,"column":1},"end":{"line":70,"column":null}},"15":{"start":{"line":74,"column":43},"end":{"line":78,"column":null}},"16":{"start":{"line":79,"column":1},"end":{"line":79,"column":null}}},"fnMap":{"0":{"name":"getMe","decl":{"start":{"line":16,"column":22},"end":{"line":16,"column":28}},"loc":{"start":{"line":16,"column":58},"end":{"line":21,"column":null}},"line":16},"1":{"name":"start2FA","decl":{"start":{"line":25,"column":22},"end":{"line":25,"column":31}},"loc":{"start":{"line":25,"column":47},"end":{"line":30,"column":null}},"line":25},"2":{"name":"confirm2FA","decl":{"start":{"line":32,"column":22},"end":{"line":32,"column":33}},"loc":{"start":{"line":32,"column":63},"end":{"line":38,"column":null}},"line":32},"3":{"name":"disable2FA","decl":{"start":{"line":40,"column":22},"end":{"line":40,"column":33}},"loc":{"start":{"line":40,"column":67},"end":{"line":45,"column":null}},"line":40},"4":{"name":"getSessions","decl":{"start":{"line":49,"column":22},"end":{"line":49,"column":34}},"loc":{"start":{"line":49,"column":68},"end":{"line":53,"column":null}},"line":49},"5":{"name":"deleteSessions","decl":{"start":{"line":55,"column":22},"end":{"line":55,"column":37}},"loc":{"start":{"line":55,"column":94},"end":{"line":62,"column":null}},"line":55},"6":{"name":"logout","decl":{"start":{"line":64,"column":22},"end":{"line":64,"column":null}},"loc":{"start":{"line":64,"column":22},"end":{"line":66,"column":null}},"line":64},"7":{"name":"logoutOtherSessions","decl":{"start":{"line":68,"column":22},"end":{"line":68,"column":42}},"loc":{"start":{"line":68,"column":77},"end":{"line":71,"column":null}},"line":68},"8":{"name":"logoutSessions","decl":{"start":{"line":73,"column":22},"end":{"line":73,"column":37}},"loc":{"start":{"line":73,"column":94},"end":{"line":80,"column":null}},"line":73}},"branchMap":{},"s":{"0":101,"1":88,"2":6,"3":5,"4":3,"5":3,"6":2,"7":0,"8":0,"9":0,"10":0,"11":0,"12":0,"13":0,"14":0,"15":0,"16":0},"f":{"0":101,"1":6,"2":3,"3":2,"4":0,"5":0,"6":0,"7":0,"8":0},"b":{},"meta":{"lastBranch":0,"lastFunction":9,"lastStatement":17,"seen":{"f:16:22:16:28":0,"s:17:18:19:Infinity":0,"s:20:1:20:Infinity":1,"f:25:22:25:31":1,"s:26:18:28:Infinity":2,"s:29:1:29:Infinity":3,"f:32:22:32:33":2,"s:33:18:36:Infinity":4,"s:37:1:37:Infinity":5,"f:40:22:40:33":3,"s:41:1:44:Infinity":6,"f:49:22:49:34":4,"s:50:37:50:71":7,"s:51:18:51:Infinity":8,"s:52:1:52:Infinity":9,"f:55:22:55:37":5,"s:56:43:60:Infinity":10,"s:61:1:61:Infinity":11,"f:64:22:64:Infinity":6,"s:65:1:65:Infinity":12,"f:68:22:68:42":7,"s:69:37:69:Infinity":13,"s:70:1:70:Infinity":14,"f:73:22:73:37":8,"s:74:43:78:Infinity":15,"s:79:1:79:Infinity":16}}}
,"/home/moat/Documents/Berlin42/core/transcendance/frontend/src/api/users.ts": {"path":"/home/moat/Documents/Berlin42/core/transcendance/frontend/src/api/users.ts","statementMap":{"0":{"start":{"line":4,"column":1},"end":{"line":27,"column":null}},"1":{"start":{"line":5,"column":19},"end":{"line":11,"column":null}},"2":{"start":{"line":13,"column":15},"end":{"line":13,"column":28}},"3":{"start":{"line":14,"column":2},"end":{"line":16,"column":null}},"4":{"start":{"line":15,"column":3},"end":{"line":15,"column":null}},"5":{"start":{"line":17,"column":2},"end":{"line":22,"column":null}},"6":{"start":{"line":18,"column":3},"end":{"line":18,"column":null}},"7":{"start":{"line":20,"column":7},"end":{"line":22,"column":null}},"8":{"start":{"line":21,"column":3},"end":{"line":21,"column":null}},"9":{"start":{"line":23,"column":2},"end":{"line":23,"column":null}},"10":{"start":{"line":25,"column":2},"end":{"line":25,"column":null}},"11":{"start":{"line":26,"column":2},"end":{"line":26,"column":null}}},"fnMap":{"0":{"name":"nicknameExists","decl":{"start":{"line":3,"column":22},"end":{"line":3,"column":37}},"loc":{"start":{"line":3,"column":53},"end":{"line":28,"column":null}},"line":3}},"branchMap":{"0":{"loc":{"start":{"line":14,"column":2},"end":{"line":16,"column":null}},"type":"if","locations":[{"start":{"line":14,"column":2},"end":{"line":16,"column":null}},{"start":{},"end":{}}],"line":14},"1":{"loc":{"start":{"line":14,"column":6},"end":{"line":14,"column":75}},"type":"binary-expr","locations":[{"start":{"line":14,"column":6},"end":{"line":14,"column":42}},{"start":{"line":14,"column":42},"end":{"line":14,"column":75}}],"line":14},"2":{"loc":{"start":{"line":17,"column":2},"end":{"line":22,"column":null}},"type":"if","locations":[{"start":{"line":17,"column":2},"end":{"line":22,"column":null}},{"start":{"line":20,"column":7},"end":{"line":22,"column":null}}],"line":17},"3":{"loc":{"start":{"line":20,"column":7},"end":{"line":22,"column":null}},"type":"if","locations":[{"start":{"line":20,"column":7},"end":{"line":22,"column":null}},{"start":{},"end":{}}],"line":20}},"s":{"0":4,"1":4,"2":4,"3":4,"4":0,"5":4,"6":2,"7":2,"8":1,"9":1,"10":0,"11":0},"f":{"0":4},"b":{"0":[0,4],"1":[4,4],"2":[2,2],"3":[1,1]},"meta":{"lastBranch":4,"lastFunction":1,"lastStatement":12,"seen":{"f:3:22:3:37":0,"s:4:1:27:Infinity":0,"s:5:19:11:Infinity":1,"s:13:15:13:28":2,"b:14:2:16:Infinity:undefined:undefined:undefined:undefined":0,"s:14:2:16:Infinity":3,"b:14:6:14:42:14:42:14:75":1,"s:15:3:15:Infinity":4,"b:17:2:22:Infinity:20:7:22:Infinity":2,"s:17:2:22:Infinity":5,"s:18:3:18:Infinity":6,"b:20:7:22:Infinity:undefined:undefined:undefined:undefined":3,"s:20:7:22:Infinity":7,"s:21:3:21:Infinity":8,"s:23:2:23:Infinity":9,"s:25:2:25:Infinity":10,"s:26:2:26:Infinity":11}}}
,"/home/moat/Documents/Berlin42/core/transcendance/frontend/src/components/AuthPage.tsx": {"path":"/home/moat/Documents/Berlin42/core/transcendance/frontend/src/components/AuthPage.tsx","statementMap":{"0":{"start":{"line":11,"column":26},"end":{"line":11,"column":null}},"1":{"start":{"line":12,"column":28},"end":{"line":12,"column":null}},"2":{"start":{"line":13,"column":32},"end":{"line":13,"column":null}},"3":{"start":{"line":14,"column":24},"end":{"line":14,"column":null}},"4":{"start":{"line":15,"column":30},"end":{"line":15,"column":null}},"5":{"start":{"line":16,"column":24},"end":{"line":16,"column":null}},"6":{"start":{"line":17,"column":50},"end":{"line":17,"column":null}},"7":{"start":{"line":18,"column":50},"end":{"line":18,"column":null}},"8":{"start":{"line":19,"column":38},"end":{"line":19,"column":null}},"9":{"start":{"line":20,"column":38},"end":{"line":20,"column":null}},"10":{"start":{"line":21,"column":7},"end":{"line":21,"column":null}},"11":{"start":{"line":22,"column":7},"end":{"line":22,"column":null}},"12":{"start":{"line":23,"column":7},"end":{"line":23,"column":null}},"13":{"start":{"line":25,"column":1},"end":{"line":45,"column":null}},"14":{"start":{"line":26,"column":2},"end":{"line":39,"column":null}},"15":{"start":{"line":27,"column":3},"end":{"line":29,"column":null}},"16":{"start":{"line":28,"column":4},"end":{"line":28,"column":null}},"17":{"start":{"line":30,"column":3},"end":{"line":30,"column":null}},"18":{"start":{"line":31,"column":3},"end":{"line":35,"column":null}},"19":{"start":{"line":32,"column":19},"end":{"line":32,"column":null}},"20":{"start":{"line":33,"column":4},"end":{"line":33,"column":null}},"21":{"start":{"line":34,"column":4},"end":{"line":34,"column":null}},"22":{"start":{"line":37,"column":3},"end":{"line":37,"column":null}},"23":{"start":{"line":38,"column":3},"end":{"line":38,"column":null}},"24":{"start":{"line":40,"column":2},"end":{"line":44,"column":null}},"25":{"start":{"line":41,"column":3},"end":{"line":43,"column":null}},"26":{"start":{"line":42,"column":4},"end":{"line":42,"column":null}},"27":{"start":{"line":47,"column":22},"end":{"line":80,"column":null}},"28":{"start":{"line":48,"column":2},"end":{"line":48,"column":null}},"29":{"start":{"line":49,"column":19},"end":{"line":49,"column":null}},"30":{"start":{"line":50,"column":2},"end":{"line":53,"column":null}},"31":{"start":{"line":51,"column":3},"end":{"line":51,"column":null}},"32":{"start":{"line":52,"column":3},"end":{"line":52,"column":null}},"33":{"start":{"line":55,"column":2},"end":{"line":55,"column":null}},"34":{"start":{"line":56,"column":2},"end":{"line":56,"column":null}},"35":{"start":{"line":57,"column":2},"end":{"line":79,"column":null}},"36":{"start":{"line":58,"column":3},"end":{"line":62,"column":null}},"37":{"start":{"line":59,"column":4},"end":{"line":59,"column":null}},"38":{"start":{"line":61,"column":4},"end":{"line":61,"column":null}},"39":{"start":{"line":64,"column":3},"end":{"line":66,"column":null}},"40":{"start":{"line":65,"column":4},"end":{"line":65,"column":null}},"41":{"start":{"line":68,"column":3},"end":{"line":68,"column":null}},"42":{"start":{"line":70,"column":9},"end":{"line":70,"column":null}},"43":{"start":{"line":71,"column":3},"end":{"line":76,"column":null}},"44":{"start":{"line":72,"column":4},"end":{"line":72,"column":null}},"45":{"start":{"line":73,"column":4},"end":{"line":73,"column":null}},"46":{"start":{"line":75,"column":4},"end":{"line":75,"column":null}},"47":{"start":{"line":78,"column":3},"end":{"line":78,"column":null}},"48":{"start":{"line":81,"column":28},"end":{"line":85,"column":null}},"49":{"start":{"line":82,"column":2},"end":{"line":82,"column":null}},"50":{"start":{"line":82,"column":26},"end":{"line":82,"column":null}},"51":{"start":{"line":83,"column":2},"end":{"line":83,"column":null}},"52":{"start":{"line":83,"column":40},"end":{"line":83,"column":null}},"53":{"start":{"line":84,"column":2},"end":{"line":84,"column":null}},"54":{"start":{"line":87,"column":26},"end":{"line":92,"column":null}},"55":{"start":{"line":88,"column":2},"end":{"line":88,"column":null}},"56":{"start":{"line":89,"column":2},"end":{"line":89,"column":null}},"57":{"start":{"line":90,"column":2},"end":{"line":90,"column":null}},"58":{"start":{"line":90,"column":27},"end":{"line":90,"column":null}},"59":{"start":{"line":91,"column":2},"end":{"line":91,"column":null}},"60":{"start":{"line":94,"column":25},"end":{"line":97,"column":null}},"61":{"start":{"line":95,"column":2},"end":{"line":95,"column":null}},"62":{"start":{"line":96,"column":2},"end":{"line":96,"column":null}},"63":{"start":{"line":99,"column":1},"end":{"line":211,"column":null}},"64":{"start":{"line":136,"column":26},"end":{"line":136,"column":null}},"65":{"start":{"line":157,"column":25},"end":{"line":157,"column":null}},"66":{"start":{"line":192,"column":35},"end":{"line":192,"column":null}},"67":{"start":{"line":209,"column":24},"end":{"line":209,"column":null}}},"fnMap":{"0":{"name":"AuthPage","decl":{"start":{"line":10,"column":24},"end":{"line":10,"column":33}},"loc":{"start":{"line":10,"column":109},"end":{"line":216,"column":null}},"line":10},"1":{"name":"(anonymous_1)","decl":{"start":{"line":25,"column":11},"end":{"line":25,"column":null}},"loc":{"start":{"line":25,"column":11},"end":{"line":45,"column":4}},"line":25},"2":{"name":"(anonymous_2)","decl":{"start":{"line":31,"column":43},"end":{"line":31,"column":null}},"loc":{"start":{"line":31,"column":43},"end":{"line":35,"column":6}},"line":31},"3":{"name":"(anonymous_3)","decl":{"start":{"line":40,"column":9},"end":{"line":40,"column":null}},"loc":{"start":{"line":40,"column":9},"end":{"line":44,"column":null}},"line":40},"4":{"name":"(anonymous_4)","decl":{"start":{"line":47,"column":22},"end":{"line":47,"column":29}},"loc":{"start":{"line":47,"column":29},"end":{"line":80,"column":null}},"line":47},"5":{"name":"(anonymous_5)","decl":{"start":{"line":81,"column":28},"end":{"line":81,"column":null}},"loc":{"start":{"line":81,"column":28},"end":{"line":85,"column":null}},"line":81},"6":{"name":"(anonymous_6)","decl":{"start":{"line":87,"column":26},"end":{"line":87,"column":null}},"loc":{"start":{"line":87,"column":26},"end":{"line":92,"column":null}},"line":87},"7":{"name":"(anonymous_7)","decl":{"start":{"line":94,"column":25},"end":{"line":94,"column":null}},"loc":{"start":{"line":94,"column":25},"end":{"line":97,"column":null}},"line":94},"8":{"name":"(anonymous_8)","decl":{"start":{"line":136,"column":19},"end":{"line":136,"column":20}},"loc":{"start":{"line":136,"column":26},"end":{"line":136,"column":null}},"line":136},"9":{"name":"(anonymous_9)","decl":{"start":{"line":157,"column":18},"end":{"line":157,"column":19}},"loc":{"start":{"line":157,"column":25},"end":{"line":157,"column":null}},"line":157},"10":{"name":"(anonymous_10)","decl":{"start":{"line":192,"column":29},"end":{"line":192,"column":35}},"loc":{"start":{"line":192,"column":35},"end":{"line":192,"column":null}},"line":192},"11":{"name":"(anonymous_11)","decl":{"start":{"line":209,"column":18},"end":{"line":209,"column":24}},"loc":{"start":{"line":209,"column":24},"end":{"line":209,"column":null}},"line":209}},"branchMap":{"0":{"loc":{"start":{"line":26,"column":2},"end":{"line":39,"column":null}},"type":"if","locations":[{"start":{"line":26,"column":2},"end":{"line":39,"column":null}},{"start":{"line":36,"column":9},"end":{"line":39,"column":null}}],"line":26},"1":{"loc":{"start":{"line":26,"column":6},"end":{"line":26,"column":46}},"type":"binary-expr","locations":[{"start":{"line":26,"column":6},"end":{"line":26,"column":18}},{"start":{"line":26,"column":18},"end":{"line":26,"column":46}}],"line":26},"2":{"loc":{"start":{"line":27,"column":3},"end":{"line":29,"column":null}},"type":"if","locations":[{"start":{"line":27,"column":3},"end":{"line":29,"column":null}},{"start":{},"end":{}}],"line":27},"3":{"loc":{"start":{"line":41,"column":3},"end":{"line":43,"column":null}},"type":"if","locations":[{"start":{"line":41,"column":3},"end":{"line":43,"column":null}},{"start":{},"end":{}}],"line":41},"4":{"loc":{"start":{"line":49,"column":19},"end":{"line":49,"column":null}},"type":"binary-expr","locations":[{"start":{"line":49,"column":19},"end":{"line":49,"column":49}},{"start":{"line":49,"column":49},"end":{"line":49,"column":null}}],"line":49},"5":{"loc":{"start":{"line":50,"column":2},"end":{"line":53,"column":null}},"type":"if","locations":[{"start":{"line":50,"column":2},"end":{"line":53,"column":null}},{"start":{},"end":{}}],"line":50},"6":{"loc":{"start":{"line":50,"column":6},"end":{"line":50,"column":53}},"type":"binary-expr","locations":[{"start":{"line":50,"column":6},"end":{"line":50,"column":18}},{"start":{"line":50,"column":18},"end":{"line":50,"column":53}}],"line":50},"7":{"loc":{"start":{"line":58,"column":3},"end":{"line":62,"column":null}},"type":"if","locations":[{"start":{"line":58,"column":3},"end":{"line":62,"column":null}},{"start":{"line":60,"column":10},"end":{"line":62,"column":null}}],"line":58},"8":{"loc":{"start":{"line":64,"column":3},"end":{"line":66,"column":null}},"type":"if","locations":[{"start":{"line":64,"column":3},"end":{"line":66,"column":null}},{"start":{},"end":{}}],"line":64},"9":{"loc":{"start":{"line":71,"column":3},"end":{"line":76,"column":null}},"type":"if","locations":[{"start":{"line":71,"column":3},"end":{"line":76,"column":null}},{"start":{"line":74,"column":10},"end":{"line":76,"column":null}}],"line":71},"10":{"loc":{"start":{"line":82,"column":2},"end":{"line":82,"column":null}},"type":"if","locations":[{"start":{"line":82,"column":2},"end":{"line":82,"column":null}},{"start":{},"end":{}}],"line":82},"11":{"loc":{"start":{"line":83,"column":2},"end":{"line":83,"column":null}},"type":"if","locations":[{"start":{"line":83,"column":2},"end":{"line":83,"column":null}},{"start":{},"end":{}}],"line":83},"12":{"loc":{"start":{"line":90,"column":2},"end":{"line":90,"column":null}},"type":"if","locations":[{"start":{"line":90,"column":2},"end":{"line":90,"column":null}},{"start":{},"end":{}}],"line":90},"13":{"loc":{"start":{"line":105,"column":7},"end":{"line":105,"column":null}},"type":"cond-expr","locations":[{"start":{"line":105,"column":17},"end":{"line":105,"column":34}},{"start":{"line":105,"column":34},"end":{"line":105,"column":null}}],"line":105},"14":{"loc":{"start":{"line":108,"column":7},"end":{"line":108,"column":null}},"type":"cond-expr","locations":[{"start":{"line":108,"column":17},"end":{"line":108,"column":50}},{"start":{"line":108,"column":50},"end":{"line":108,"column":null}}],"line":108},"15":{"loc":{"start":{"line":113,"column":6},"end":{"line":115,"column":null}},"type":"binary-expr","locations":[{"start":{"line":113,"column":6},"end":{"line":113,"column":null}},{"start":{"line":113,"column":6},"end":{"line":115,"column":null}}],"line":113},"16":{"loc":{"start":{"line":118,"column":6},"end":{"line":139,"column":null}},"type":"binary-expr","locations":[{"start":{"line":118,"column":6},"end":{"line":118,"column":null}},{"start":{"line":118,"column":7},"end":{"line":139,"column":null}}],"line":118},"17":{"loc":{"start":{"line":122,"column":9},"end":{"line":124,"column":null}},"type":"binary-expr","locations":[{"start":{"line":122,"column":9},"end":{"line":122,"column":null}},{"start":{"line":122,"column":34},"end":{"line":124,"column":null}}],"line":122},"18":{"loc":{"start":{"line":124,"column":11},"end":{"line":124,"column":null}},"type":"cond-expr","locations":[{"start":{"line":124,"column":32},"end":{"line":124,"column":48}},{"start":{"line":124,"column":48},"end":{"line":124,"column":null}}],"line":124},"19":{"loc":{"start":{"line":175,"column":22},"end":{"line":175,"column":null}},"type":"cond-expr","locations":[{"start":{"line":175,"column":32},"end":{"line":175,"column":53}},{"start":{"line":175,"column":53},"end":{"line":175,"column":null}}],"line":175},"20":{"loc":{"start":{"line":182,"column":7},"end":{"line":183,"column":null}},"type":"cond-expr","locations":[{"start":{"line":182,"column":18},"end":{"line":182,"column":null}},{"start":{"line":183,"column":10},"end":{"line":183,"column":null}}],"line":182},"21":{"loc":{"start":{"line":182,"column":18},"end":{"line":182,"column":null}},"type":"cond-expr","locations":[{"start":{"line":182,"column":31},"end":{"line":182,"column":43}},{"start":{"line":182,"column":43},"end":{"line":182,"column":null}}],"line":182},"22":{"loc":{"start":{"line":183,"column":10},"end":{"line":183,"column":null}},"type":"cond-expr","locations":[{"start":{"line":183,"column":23},"end":{"line":183,"column":42}},{"start":{"line":183,"column":42},"end":{"line":183,"column":null}}],"line":183},"23":{"loc":{"start":{"line":189,"column":7},"end":{"line":189,"column":null}},"type":"cond-expr","locations":[{"start":{"line":189,"column":17},"end":{"line":189,"column":33}},{"start":{"line":189,"column":33},"end":{"line":189,"column":null}}],"line":189},"24":{"loc":{"start":{"line":195,"column":7},"end":{"line":195,"column":null}},"type":"cond-expr","locations":[{"start":{"line":195,"column":17},"end":{"line":195,"column":39}},{"start":{"line":195,"column":39},"end":{"line":195,"column":null}}],"line":195},"25":{"loc":{"start":{"line":206,"column":4},"end":{"line":211,"column":null}},"type":"binary-expr","locations":[{"start":{"line":206,"column":4},"end":{"line":206,"column":20}},{"start":{"line":206,"column":20},"end":{"line":206,"column":null}},{"start":{"line":206,"column":20},"end":{"line":211,"column":null}}],"line":206},"26":{"loc":{"start":{"line":209,"column":24},"end":{"line":209,"column":null}},"type":"binary-expr","locations":[{"start":{"line":209,"column":24},"end":{"line":209,"column":54}},{"start":{"line":209,"column":54},"end":{"line":209,"column":null}}],"line":209}},"s":{"0":223,"1":223,"2":223,"3":223,"4":223,"5":223,"6":223,"7":223,"8":223,"9":223,"10":223,"11":223,"12":223,"13":223,"14":51,"15":25,"16":21,"17":25,"18":25,"19":4,"20":4,"21":4,"22":26,"23":26,"24":51,"25":51,"26":25,"27":223,"28":7,"29":7,"30":7,"31":1,"32":1,"33":6,"34":6,"35":6,"36":6,"37":5,"38":1,"39":4,"40":3,"41":4,"42":2,"43":2,"44":1,"45":1,"46":1,"47":6,"48":223,"49":87,"50":76,"51":11,"52":4,"53":7,"54":223,"55":0,"56":0,"57":0,"58":0,"59":0,"60":223,"61":0,"62":0,"63":223,"64":25,"65":110,"66":8,"67":0},"f":{"0":223,"1":51,"2":4,"3":51,"4":7,"5":87,"6":0,"7":0,"8":25,"9":110,"10":8,"11":0},"b":{"0":[25,26],"1":[51,32],"2":[21,4],"3":[25,26],"4":[7,0],"5":[1,6],"6":[7,2],"7":[5,1],"8":[3,1],"9":[1,1],"10":[76,11],"11":[4,7],"12":[0,0],"13":[122,101],"14":[122,101],"15":[223,2],"16":[223,101],"17":[101,87],"18":[76,11],"19":[122,101],"20":[122,101],"21":[117,5],"22":[100,1],"23":[122,101],"24":[122,101],"25":[223,1,1],"26":[0,0]},"meta":{"lastBranch":27,"lastFunction":12,"lastStatement":68,"seen":{"f:10:24:10:33":0,"s:11:26:11:Infinity":0,"s:12:28:12:Infinity":1,"s:13:32:13:Infinity":2,"s:14:24:14:Infinity":3,"s:15:30:15:Infinity":4,"s:16:24:16:Infinity":5,"s:17:50:17:Infinity":6,"s:18:50:18:Infinity":7,"s:19:38:19:Infinity":8,"s:20:38:20:Infinity":9,"s:21:7:21:Infinity":10,"s:22:7:22:Infinity":11,"s:23:7:23:Infinity":12,"s:25:1:45:Infinity":13,"f:25:11:25:Infinity":1,"b:26:2:39:Infinity:36:9:39:Infinity":0,"s:26:2:39:Infinity":14,"b:26:6:26:18:26:18:26:46":1,"b:27:3:29:Infinity:undefined:undefined:undefined:undefined":2,"s:27:3:29:Infinity":15,"s:28:4:28:Infinity":16,"s:30:3:30:Infinity":17,"s:31:3:35:Infinity":18,"f:31:43:31:Infinity":2,"s:32:19:32:Infinity":19,"s:33:4:33:Infinity":20,"s:34:4:34:Infinity":21,"s:37:3:37:Infinity":22,"s:38:3:38:Infinity":23,"s:40:2:44:Infinity":24,"f:40:9:40:Infinity":3,"b:41:3:43:Infinity:undefined:undefined:undefined:undefined":3,"s:41:3:43:Infinity":25,"s:42:4:42:Infinity":26,"s:47:22:80:Infinity":27,"f:47:22:47:29":4,"s:48:2:48:Infinity":28,"s:49:19:49:Infinity":29,"b:49:19:49:49:49:49:49:Infinity":4,"b:50:2:53:Infinity:undefined:undefined:undefined:undefined":5,"s:50:2:53:Infinity":30,"b:50:6:50:18:50:18:50:53":6,"s:51:3:51:Infinity":31,"s:52:3:52:Infinity":32,"s:55:2:55:Infinity":33,"s:56:2:56:Infinity":34,"s:57:2:79:Infinity":35,"b:58:3:62:Infinity:60:10:62:Infinity":7,"s:58:3:62:Infinity":36,"s:59:4:59:Infinity":37,"s:61:4:61:Infinity":38,"b:64:3:66:Infinity:undefined:undefined:undefined:undefined":8,"s:64:3:66:Infinity":39,"s:65:4:65:Infinity":40,"s:68:3:68:Infinity":41,"s:70:9:70:Infinity":42,"b:71:3:76:Infinity:74:10:76:Infinity":9,"s:71:3:76:Infinity":43,"s:72:4:72:Infinity":44,"s:73:4:73:Infinity":45,"s:75:4:75:Infinity":46,"s:78:3:78:Infinity":47,"s:81:28:85:Infinity":48,"f:81:28:81:Infinity":5,"b:82:2:82:Infinity:undefined:undefined:undefined:undefined":10,"s:82:2:82:Infinity":49,"s:82:26:82:Infinity":50,"b:83:2:83:Infinity:undefined:undefined:undefined:undefined":11,"s:83:2:83:Infinity":51,"s:83:40:83:Infinity":52,"s:84:2:84:Infinity":53,"s:87:26:92:Infinity":54,"f:87:26:87:Infinity":6,"s:88:2:88:Infinity":55,"s:89:2:89:Infinity":56,"b:90:2:90:Infinity:undefined:undefined:undefined:undefined":12,"s:90:2:90:Infinity":57,"s:90:27:90:Infinity":58,"s:91:2:91:Infinity":59,"s:94:25:97:Infinity":60,"f:94:25:94:Infinity":7,"s:95:2:95:Infinity":61,"s:96:2:96:Infinity":62,"s:99:1:211:Infinity":63,"b:105:17:105:34:105:34:105:Infinity":13,"b:108:17:108:50:108:50:108:Infinity":14,"b:113:6:113:Infinity:113:6:115:Infinity":15,"b:118:6:118:Infinity:118:7:139:Infinity":16,"b:122:9:122:Infinity:122:34:124:Infinity":17,"b:124:32:124:48:124:48:124:Infinity":18,"f:136:19:136:20":8,"s:136:26:136:Infinity":64,"f:157:18:157:19":9,"s:157:25:157:Infinity":65,"b:175:32:175:53:175:53:175:Infinity":19,"b:182:18:182:Infinity:183:10:183:Infinity":20,"b:182:31:182:43:182:43:182:Infinity":21,"b:183:23:183:42:183:42:183:Infinity":22,"b:189:17:189:33:189:33:189:Infinity":23,"f:192:29:192:35":10,"s:192:35:192:Infinity":66,"b:195:17:195:39:195:39:195:Infinity":24,"b:206:4:206:20:206:20:206:Infinity:206:20:211:Infinity":25,"f:209:18:209:24":11,"s:209:24:209:Infinity":67,"b:209:24:209:54:209:54:209:Infinity":26}}}
,"/home/moat/Documents/Berlin42/core/transcendance/frontend/src/components/Home.tsx": {"path":"/home/moat/Documents/Berlin42/core/transcendance/frontend/src/components/Home.tsx","statementMap":{"0":{"start":{"line":11,"column":33},"end":{"line":11,"column":null}},"1":{"start":{"line":19,"column":24},"end":{"line":19,"column":null}},"2":{"start":{"line":20,"column":34},"end":{"line":20,"column":null}},"3":{"start":{"line":21,"column":50},"end":{"line":21,"column":null}},"4":{"start":{"line":22,"column":44},"end":{"line":22,"column":null}},"5":{"start":{"line":23,"column":44},"end":{"line":23,"column":null}},"6":{"start":{"line":26,"column":1},"end":{"line":32,"column":null}},"7":{"start":{"line":27,"column":2},"end":{"line":29,"column":null}},"8":{"start":{"line":34,"column":24},"end":{"line":45,"column":null}},"9":{"start":{"line":35,"column":21},"end":{"line":35,"column":null}},"10":{"start":{"line":36,"column":14},"end":{"line":36,"column":null}},"11":{"start":{"line":37,"column":22},"end":{"line":37,"column":null}},"12":{"start":{"line":39,"column":2},"end":{"line":42,"column":null}},"13":{"start":{"line":40,"column":3},"end":{"line":40,"column":null}},"14":{"start":{"line":41,"column":3},"end":{"line":41,"column":null}},"15":{"start":{"line":44,"column":2},"end":{"line":44,"column":null}},"16":{"start":{"line":47,"column":29},"end":{"line":50,"column":null}},"17":{"start":{"line":48,"column":2},"end":{"line":48,"column":null}},"18":{"start":{"line":49,"column":2},"end":{"line":49,"column":null}},"19":{"start":{"line":52,"column":26},"end":{"line":55,"column":null}},"20":{"start":{"line":53,"column":2},"end":{"line":53,"column":null}},"21":{"start":{"line":57,"column":1},"end":{"line":205,"column":null}},"22":{"start":{"line":69,"column":21},"end":{"line":69,"column":null}},"23":{"start":{"line":84,"column":23},"end":{"line":84,"column":null}},"24":{"start":{"line":100,"column":11},"end":{"line":100,"column":null}},"25":{"start":{"line":101,"column":11},"end":{"line":101,"column":null}},"26":{"start":{"line":115,"column":11},"end":{"line":115,"column":null}},"27":{"start":{"line":116,"column":11},"end":{"line":116,"column":null}},"28":{"start":{"line":129,"column":11},"end":{"line":129,"column":null}},"29":{"start":{"line":130,"column":11},"end":{"line":130,"column":null}},"30":{"start":{"line":190,"column":20},"end":{"line":190,"column":null}},"31":{"start":{"line":198,"column":20},"end":{"line":198,"column":null}},"32":{"start":{"line":205,"column":21},"end":{"line":205,"column":null}}},"fnMap":{"0":{"name":"Home","decl":{"start":{"line":18,"column":24},"end":{"line":18,"column":29}},"loc":{"start":{"line":18,"column":60},"end":{"line":210,"column":null}},"line":18},"1":{"name":"(anonymous_1)","decl":{"start":{"line":34,"column":24},"end":{"line":34,"column":null}},"loc":{"start":{"line":34,"column":24},"end":{"line":45,"column":null}},"line":34},"2":{"name":"(anonymous_2)","decl":{"start":{"line":47,"column":29},"end":{"line":47,"column":null}},"loc":{"start":{"line":47,"column":29},"end":{"line":50,"column":null}},"line":47},"3":{"name":"(anonymous_3)","decl":{"start":{"line":52,"column":26},"end":{"line":52,"column":null}},"loc":{"start":{"line":52,"column":26},"end":{"line":55,"column":null}},"line":52},"4":{"name":"(anonymous_4)","decl":{"start":{"line":69,"column":15},"end":{"line":69,"column":21}},"loc":{"start":{"line":69,"column":21},"end":{"line":69,"column":null}},"line":69},"5":{"name":"(anonymous_5)","decl":{"start":{"line":84,"column":17},"end":{"line":84,"column":23}},"loc":{"start":{"line":84,"column":23},"end":{"line":84,"column":null}},"line":84},"6":{"name":"(anonymous_6)","decl":{"start":{"line":99,"column":19},"end":{"line":99,"column":null}},"loc":{"start":{"line":99,"column":19},"end":{"line":102,"column":null}},"line":99},"7":{"name":"(anonymous_7)","decl":{"start":{"line":114,"column":19},"end":{"line":114,"column":null}},"loc":{"start":{"line":114,"column":19},"end":{"line":117,"column":null}},"line":114},"8":{"name":"(anonymous_8)","decl":{"start":{"line":128,"column":19},"end":{"line":128,"column":null}},"loc":{"start":{"line":128,"column":19},"end":{"line":131,"column":null}},"line":128},"9":{"name":"(anonymous_9)","decl":{"start":{"line":190,"column":14},"end":{"line":190,"column":20}},"loc":{"start":{"line":190,"column":20},"end":{"line":190,"column":null}},"line":190},"10":{"name":"(anonymous_10)","decl":{"start":{"line":198,"column":14},"end":{"line":198,"column":20}},"loc":{"start":{"line":198,"column":20},"end":{"line":198,"column":null}},"line":198},"11":{"name":"(anonymous_11)","decl":{"start":{"line":205,"column":15},"end":{"line":205,"column":21}},"loc":{"start":{"line":205,"column":21},"end":{"line":205,"column":null}},"line":205}},"branchMap":{"0":{"loc":{"start":{"line":26,"column":1},"end":{"line":32,"column":null}},"type":"if","locations":[{"start":{"line":26,"column":1},"end":{"line":32,"column":null}},{"start":{},"end":{}}],"line":26},"1":{"loc":{"start":{"line":26,"column":5},"end":{"line":26,"column":24}},"type":"binary-expr","locations":[{"start":{"line":26,"column":5},"end":{"line":26,"column":14}},{"start":{"line":26,"column":14},"end":{"line":26,"column":24}}],"line":26},"2":{"loc":{"start":{"line":39,"column":2},"end":{"line":42,"column":null}},"type":"if","locations":[{"start":{"line":39,"column":2},"end":{"line":42,"column":null}},{"start":{},"end":{}}],"line":39},"3":{"loc":{"start":{"line":75,"column":62},"end":{"line":75,"column":null}},"type":"cond-expr","locations":[{"start":{"line":75,"column":75},"end":{"line":75,"column":90}},{"start":{"line":75,"column":90},"end":{"line":75,"column":null}}],"line":75},"4":{"loc":{"start":{"line":79,"column":6},"end":{"line":136,"column":null}},"type":"binary-expr","locations":[{"start":{"line":79,"column":6},"end":{"line":79,"column":null}},{"start":{"line":79,"column":6},"end":{"line":136,"column":null}}],"line":79},"5":{"loc":{"start":{"line":108,"column":11},"end":{"line":109,"column":null}},"type":"binary-expr","locations":[{"start":{"line":108,"column":11},"end":{"line":108,"column":28}},{"start":{"line":108,"column":28},"end":{"line":109,"column":null}}],"line":108},"6":{"loc":{"start":{"line":169,"column":8},"end":{"line":172,"column":null}},"type":"cond-expr","locations":[{"start":{"line":169,"column":25},"end":{"line":172,"column":9}},{"start":{"line":172,"column":8},"end":{"line":172,"column":null}}],"line":169},"7":{"loc":{"start":{"line":187,"column":4},"end":{"line":191,"column":null}},"type":"binary-expr","locations":[{"start":{"line":187,"column":4},"end":{"line":187,"column":null}},{"start":{"line":187,"column":4},"end":{"line":191,"column":null}}],"line":187},"8":{"loc":{"start":{"line":195,"column":4},"end":{"line":198,"column":null}},"type":"binary-expr","locations":[{"start":{"line":195,"column":4},"end":{"line":195,"column":null}},{"start":{"line":195,"column":4},"end":{"line":198,"column":null}}],"line":195},"9":{"loc":{"start":{"line":202,"column":4},"end":{"line":205,"column":null}},"type":"binary-expr","locations":[{"start":{"line":202,"column":4},"end":{"line":202,"column":null}},{"start":{"line":202,"column":4},"end":{"line":205,"column":null}}],"line":202}},"s":{"0":2,"1":46,"2":46,"3":46,"4":46,"5":46,"6":46,"7":15,"8":31,"9":4,"10":4,"11":4,"12":4,"13":3,"14":3,"15":1,"16":31,"17":1,"18":1,"19":31,"20":0,"21":31,"22":6,"23":1,"24":1,"25":1,"26":1,"27":1,"28":1,"29":1,"30":0,"31":0,"32":1},"f":{"0":46,"1":4,"2":1,"3":0,"4":6,"5":1,"6":1,"7":1,"8":1,"9":0,"10":0,"11":1},"b":{"0":[15,31],"1":[46,31],"2":[3,1],"3":[6,25],"4":[46,6],"5":[6,1],"6":[3,28],"7":[46,1],"8":[46,1],"9":[46,3]},"meta":{"lastBranch":10,"lastFunction":12,"lastStatement":33,"seen":{"s:11:33:11:Infinity":0,"f:18:24:18:29":0,"s:19:24:19:Infinity":1,"s:20:34:20:Infinity":2,"s:21:50:21:Infinity":3,"s:22:44:22:Infinity":4,"s:23:44:23:Infinity":5,"b:26:1:32:Infinity:undefined:undefined:undefined:undefined":0,"s:26:1:32:Infinity":6,"b:26:5:26:14:26:14:26:24":1,"s:27:2:29:Infinity":7,"s:34:24:45:Infinity":8,"f:34:24:34:Infinity":1,"s:35:21:35:Infinity":9,"s:36:14:36:Infinity":10,"s:37:22:37:Infinity":11,"b:39:2:42:Infinity:undefined:undefined:undefined:undefined":2,"s:39:2:42:Infinity":12,"s:40:3:40:Infinity":13,"s:41:3:41:Infinity":14,"s:44:2:44:Infinity":15,"s:47:29:50:Infinity":16,"f:47:29:47:Infinity":2,"s:48:2:48:Infinity":17,"s:49:2:49:Infinity":18,"s:52:26:55:Infinity":19,"f:52:26:52:Infinity":3,"s:53:2:53:Infinity":20,"s:57:1:205:Infinity":21,"f:69:15:69:21":4,"s:69:21:69:Infinity":22,"b:75:75:75:90:75:90:75:Infinity":3,"b:79:6:79:Infinity:79:6:136:Infinity":4,"f:84:17:84:23":5,"s:84:23:84:Infinity":23,"f:99:19:99:Infinity":6,"s:100:11:100:Infinity":24,"s:101:11:101:Infinity":25,"b:108:11:108:28:108:28:109:Infinity":5,"f:114:19:114:Infinity":7,"s:115:11:115:Infinity":26,"s:116:11:116:Infinity":27,"f:128:19:128:Infinity":8,"s:129:11:129:Infinity":28,"s:130:11:130:Infinity":29,"b:169:25:172:9:172:8:172:Infinity":6,"b:187:4:187:Infinity:187:4:191:Infinity":7,"f:190:14:190:20":9,"s:190:20:190:Infinity":30,"b:195:4:195:Infinity:195:4:198:Infinity":8,"f:198:14:198:20":10,"s:198:20:198:Infinity":31,"b:202:4:202:Infinity:202:4:205:Infinity":9,"f:205:15:205:21":11,"s:205:21:205:Infinity":32}}}
,"/home/moat/Documents/Berlin42/core/transcendance/frontend/src/components/modals/ReauthModal.tsx": {"path":"/home/moat/Documents/Berlin42/core/transcendance/frontend/src/components/modals/ReauthModal.tsx","statementMap":{"0":{"start":{"line":14,"column":23},"end":{"line":14,"column":null}},"1":{"start":{"line":15,"column":32},"end":{"line":15,"column":null}},"2":{"start":{"line":16,"column":24},"end":{"line":16,"column":null}},"3":{"start":{"line":17,"column":7},"end":{"line":17,"column":null}},"4":{"start":{"line":18,"column":7},"end":{"line":18,"column":null}},"5":{"start":{"line":20,"column":22},"end":{"line":49,"column":null}},"6":{"start":{"line":21,"column":2},"end":{"line":21,"column":null}},"7":{"start":{"line":22,"column":2},"end":{"line":22,"column":null}},"8":{"start":{"line":23,"column":2},"end":{"line":23,"column":null}},"9":{"start":{"line":25,"column":19},"end":{"line":25,"column":null}},"10":{"start":{"line":26,"column":18},"end":{"line":26,"column":null}},"11":{"start":{"line":28,"column":2},"end":{"line":32,"column":null}},"12":{"start":{"line":29,"column":3},"end":{"line":29,"column":null}},"13":{"start":{"line":30,"column":3},"end":{"line":30,"column":null}},"14":{"start":{"line":31,"column":3},"end":{"line":31,"column":null}},"15":{"start":{"line":34,"column":2},"end":{"line":38,"column":null}},"16":{"start":{"line":35,"column":3},"end":{"line":35,"column":null}},"17":{"start":{"line":36,"column":3},"end":{"line":36,"column":null}},"18":{"start":{"line":37,"column":3},"end":{"line":37,"column":null}},"19":{"start":{"line":40,"column":2},"end":{"line":48,"column":null}},"20":{"start":{"line":41,"column":3},"end":{"line":41,"column":null}},"21":{"start":{"line":42,"column":3},"end":{"line":42,"column":null}},"22":{"start":{"line":42,"column":28},"end":{"line":42,"column":null}},"23":{"start":{"line":43,"column":3},"end":{"line":43,"column":null}},"24":{"start":{"line":45,"column":3},"end":{"line":45,"column":null}},"25":{"start":{"line":47,"column":3},"end":{"line":47,"column":null}},"26":{"start":{"line":51,"column":1},"end":{"line":108,"column":null}}},"fnMap":{"0":{"name":"ReauthModal","decl":{"start":{"line":13,"column":24},"end":{"line":13,"column":36}},"loc":{"start":{"line":13,"column":77},"end":{"line":115,"column":null}},"line":13},"1":{"name":"(anonymous_1)","decl":{"start":{"line":20,"column":22},"end":{"line":20,"column":29}},"loc":{"start":{"line":20,"column":29},"end":{"line":49,"column":null}},"line":20}},"branchMap":{"0":{"loc":{"start":{"line":25,"column":19},"end":{"line":25,"column":null}},"type":"binary-expr","locations":[{"start":{"line":25,"column":19},"end":{"line":25,"column":49}},{"start":{"line":25,"column":49},"end":{"line":25,"column":null}}],"line":25},"1":{"loc":{"start":{"line":26,"column":18},"end":{"line":26,"column":null}},"type":"binary-expr","locations":[{"start":{"line":26,"column":18},"end":{"line":26,"column":43}},{"start":{"line":26,"column":43},"end":{"line":26,"column":null}}],"line":26},"2":{"loc":{"start":{"line":28,"column":2},"end":{"line":32,"column":null}},"type":"if","locations":[{"start":{"line":28,"column":2},"end":{"line":32,"column":null}},{"start":{},"end":{}}],"line":28},"3":{"loc":{"start":{"line":34,"column":2},"end":{"line":38,"column":null}},"type":"if","locations":[{"start":{"line":34,"column":2},"end":{"line":38,"column":null}},{"start":{},"end":{}}],"line":34},"4":{"loc":{"start":{"line":34,"column":6},"end":{"line":34,"column":38}},"type":"binary-expr","locations":[{"start":{"line":34,"column":6},"end":{"line":34,"column":28}},{"start":{"line":34,"column":28},"end":{"line":34,"column":38}}],"line":34},"5":{"loc":{"start":{"line":42,"column":3},"end":{"line":42,"column":null}},"type":"if","locations":[{"start":{"line":42,"column":3},"end":{"line":42,"column":null}},{"start":{},"end":{}}],"line":42},"6":{"loc":{"start":{"line":77,"column":5},"end":{"line":90,"column":null}},"type":"binary-expr","locations":[{"start":{"line":77,"column":5},"end":{"line":77,"column":null}},{"start":{"line":77,"column":11},"end":{"line":90,"column":null}}],"line":77},"7":{"loc":{"start":{"line":96,"column":5},"end":{"line":99,"column":null}},"type":"binary-expr","locations":[{"start":{"line":96,"column":5},"end":{"line":96,"column":null}},{"start":{"line":96,"column":5},"end":{"line":99,"column":null}}],"line":96},"8":{"loc":{"start":{"line":106,"column":7},"end":{"line":106,"column":null}},"type":"cond-expr","locations":[{"start":{"line":106,"column":19},"end":{"line":106,"column":36}},{"start":{"line":106,"column":36},"end":{"line":106,"column":null}}],"line":106}},"s":{"0":46,"1":46,"2":46,"3":46,"4":46,"5":46,"6":9,"7":9,"8":9,"9":9,"10":9,"11":9,"12":1,"13":1,"14":1,"15":8,"16":1,"17":1,"18":1,"19":7,"20":7,"21":5,"22":4,"23":5,"24":1,"25":6,"26":46},"f":{"0":46,"1":9},"b":{"0":[9,1],"1":[9,8],"2":[1,8],"3":[1,7],"4":[8,2],"5":[4,1],"6":[46,5],"7":[46,3],"8":[7,39]},"meta":{"lastBranch":9,"lastFunction":2,"lastStatement":27,"seen":{"f:13:24:13:36":0,"s:14:23:14:Infinity":0,"s:15:32:15:Infinity":1,"s:16:24:16:Infinity":2,"s:17:7:17:Infinity":3,"s:18:7:18:Infinity":4,"s:20:22:49:Infinity":5,"f:20:22:20:29":1,"s:21:2:21:Infinity":6,"s:22:2:22:Infinity":7,"s:23:2:23:Infinity":8,"s:25:19:25:Infinity":9,"b:25:19:25:49:25:49:25:Infinity":0,"s:26:18:26:Infinity":10,"b:26:18:26:43:26:43:26:Infinity":1,"b:28:2:32:Infinity:undefined:undefined:undefined:undefined":2,"s:28:2:32:Infinity":11,"s:29:3:29:Infinity":12,"s:30:3:30:Infinity":13,"s:31:3:31:Infinity":14,"b:34:2:38:Infinity:undefined:undefined:undefined:undefined":3,"s:34:2:38:Infinity":15,"b:34:6:34:28:34:28:34:38":4,"s:35:3:35:Infinity":16,"s:36:3:36:Infinity":17,"s:37:3:37:Infinity":18,"s:40:2:48:Infinity":19,"s:41:3:41:Infinity":20,"b:42:3:42:Infinity:undefined:undefined:undefined:undefined":5,"s:42:3:42:Infinity":21,"s:42:28:42:Infinity":22,"s:43:3:43:Infinity":23,"s:45:3:45:Infinity":24,"s:47:3:47:Infinity":25,"s:51:1:108:Infinity":26,"b:77:5:77:Infinity:77:11:90:Infinity":6,"b:96:5:96:Infinity:96:5:99:Infinity":7,"b:106:19:106:36:106:36:106:Infinity":8}}}
,"/home/moat/Documents/Berlin42/core/transcendance/frontend/src/components/modals/SessionDetailModal.tsx": {"path":"/home/moat/Documents/Berlin42/core/transcendance/frontend/src/components/modals/SessionDetailModal.tsx","statementMap":{"0":{"start":{"line":12,"column":20},"end":{"line":14,"column":null}},"1":{"start":{"line":13,"column":2},"end":{"line":13,"column":null}},"2":{"start":{"line":16,"column":26},"end":{"line":30,"column":null}},"3":{"start":{"line":17,"column":17},"end":{"line":17,"column":null}},"4":{"start":{"line":18,"column":14},"end":{"line":18,"column":null}},"5":{"start":{"line":19,"column":15},"end":{"line":19,"column":null}},"6":{"start":{"line":21,"column":2},"end":{"line":21,"column":null}},"7":{"start":{"line":21,"column":16},"end":{"line":21,"column":null}},"8":{"start":{"line":23,"column":15},"end":{"line":23,"column":null}},"9":{"start":{"line":24,"column":16},"end":{"line":24,"column":null}},"10":{"start":{"line":25,"column":18},"end":{"line":25,"column":null}},"11":{"start":{"line":27,"column":2},"end":{"line":27,"column":null}},"12":{"start":{"line":27,"column":16},"end":{"line":27,"column":null}},"13":{"start":{"line":28,"column":2},"end":{"line":28,"column":null}},"14":{"start":{"line":28,"column":17},"end":{"line":28,"column":null}},"15":{"start":{"line":29,"column":2},"end":{"line":29,"column":null}},"16":{"start":{"line":32,"column":1},"end":{"line":84,"column":null}}},"fnMap":{"0":{"name":"SessionDetailsModal","decl":{"start":{"line":11,"column":24},"end":{"line":11,"column":44}},"loc":{"start":{"line":11,"column":90},"end":{"line":90,"column":null}},"line":11},"1":{"name":"(anonymous_1)","decl":{"start":{"line":12,"column":20},"end":{"line":12,"column":21}},"loc":{"start":{"line":12,"column":21},"end":{"line":14,"column":null}},"line":12},"2":{"name":"(anonymous_2)","decl":{"start":{"line":16,"column":26},"end":{"line":16,"column":27}},"loc":{"start":{"line":16,"column":27},"end":{"line":30,"column":null}},"line":16}},"branchMap":{"0":{"loc":{"start":{"line":21,"column":2},"end":{"line":21,"column":null}},"type":"if","locations":[{"start":{"line":21,"column":2},"end":{"line":21,"column":null}},{"start":{},"end":{}}],"line":21},"1":{"loc":{"start":{"line":27,"column":2},"end":{"line":27,"column":null}},"type":"if","locations":[{"start":{"line":27,"column":2},"end":{"line":27,"column":null}},{"start":{},"end":{}}],"line":27},"2":{"loc":{"start":{"line":28,"column":2},"end":{"line":28,"column":null}},"type":"if","locations":[{"start":{"line":28,"column":2},"end":{"line":28,"column":null}},{"start":{},"end":{}}],"line":28},"3":{"loc":{"start":{"line":72,"column":6},"end":{"line":79,"column":null}},"type":"binary-expr","locations":[{"start":{"line":72,"column":6},"end":{"line":72,"column":25}},{"start":{"line":72,"column":29},"end":{"line":72,"column":46}},{"start":{"line":72,"column":46},"end":{"line":79,"column":null}}],"line":72},"4":{"loc":{"start":{"line":75,"column":7},"end":{"line":76,"column":null}},"type":"binary-expr","locations":[{"start":{"line":75,"column":7},"end":{"line":75,"column":26}},{"start":{"line":75,"column":26},"end":{"line":76,"column":null}}],"line":75},"5":{"loc":{"start":{"line":78,"column":7},"end":{"line":79,"column":null}},"type":"binary-expr","locations":[{"start":{"line":78,"column":7},"end":{"line":78,"column":25}},{"start":{"line":78,"column":25},"end":{"line":79,"column":null}}],"line":78}},"s":{"0":17,"1":68,"2":17,"3":34,"4":34,"5":34,"6":34,"7":1,"8":33,"9":33,"10":33,"11":33,"12":17,"13":16,"14":16,"15":15,"16":17},"f":{"0":17,"1":68,"2":34},"b":{"0":[1,33],"1":[17,16],"2":[1,15],"3":[17,1,16],"4":[16,16],"5":[16,16]},"meta":{"lastBranch":6,"lastFunction":3,"lastStatement":17,"seen":{"f:11:24:11:44":0,"s:12:20:14:Infinity":0,"f:12:20:12:21":1,"s:13:2:13:Infinity":1,"s:16:26:30:Infinity":2,"f:16:26:16:27":2,"s:17:17:17:Infinity":3,"s:18:14:18:Infinity":4,"s:19:15:19:Infinity":5,"b:21:2:21:Infinity:undefined:undefined:undefined:undefined":0,"s:21:2:21:Infinity":6,"s:21:16:21:Infinity":7,"s:23:15:23:Infinity":8,"s:24:16:24:Infinity":9,"s:25:18:25:Infinity":10,"b:27:2:27:Infinity:undefined:undefined:undefined:undefined":1,"s:27:2:27:Infinity":11,"s:27:16:27:Infinity":12,"b:28:2:28:Infinity:undefined:undefined:undefined:undefined":2,"s:28:2:28:Infinity":13,"s:28:17:28:Infinity":14,"s:29:2:29:Infinity":15,"s:32:1:84:Infinity":16,"b:72:6:72:25:72:29:72:46:72:46:79:Infinity":3,"b:75:7:75:26:75:26:76:Infinity":4,"b:78:7:78:25:78:25:79:Infinity":5}}}
,"/home/moat/Documents/Berlin42/core/transcendance/frontend/src/components/modals/TwoFactorAuthModal.tsx": {"path":"/home/moat/Documents/Berlin42/core/transcendance/frontend/src/components/modals/TwoFactorAuthModal.tsx","statementMap":{"0":{"start":{"line":17,"column":22},"end":{"line":17,"column":null}},"1":{"start":{"line":18,"column":22},"end":{"line":18,"column":null}},"2":{"start":{"line":19,"column":32},"end":{"line":19,"column":null}},"3":{"start":{"line":20,"column":24},"end":{"line":20,"column":null}},"4":{"start":{"line":21,"column":26},"end":{"line":21,"column":null}},"5":{"start":{"line":22,"column":40},"end":{"line":22,"column":null}},"6":{"start":{"line":23,"column":36},"end":{"line":23,"column":null}},"7":{"start":{"line":25,"column":7},"end":{"line":25,"column":null}},"8":{"start":{"line":26,"column":7},"end":{"line":26,"column":null}},"9":{"start":{"line":27,"column":7},"end":{"line":27,"column":null}},"10":{"start":{"line":30,"column":29},"end":{"line":36,"column":null}},"11":{"start":{"line":31,"column":2},"end":{"line":35,"column":null}},"12":{"start":{"line":32,"column":3},"end":{"line":32,"column":null}},"13":{"start":{"line":34,"column":3},"end":{"line":34,"column":null}},"14":{"start":{"line":39,"column":24},"end":{"line":59,"column":null}},"15":{"start":{"line":40,"column":19},"end":{"line":40,"column":null}},"16":{"start":{"line":42,"column":2},"end":{"line":45,"column":null}},"17":{"start":{"line":43,"column":3},"end":{"line":43,"column":null}},"18":{"start":{"line":44,"column":3},"end":{"line":44,"column":null}},"19":{"start":{"line":47,"column":2},"end":{"line":47,"column":null}},"20":{"start":{"line":48,"column":2},"end":{"line":48,"column":null}},"21":{"start":{"line":50,"column":2},"end":{"line":58,"column":null}},"22":{"start":{"line":51,"column":20},"end":{"line":51,"column":null}},"23":{"start":{"line":52,"column":3},"end":{"line":52,"column":null}},"24":{"start":{"line":53,"column":3},"end":{"line":53,"column":null}},"25":{"start":{"line":55,"column":3},"end":{"line":55,"column":null}},"26":{"start":{"line":57,"column":3},"end":{"line":57,"column":null}},"27":{"start":{"line":62,"column":26},"end":{"line":84,"column":null}},"28":{"start":{"line":63,"column":19},"end":{"line":63,"column":null}},"29":{"start":{"line":64,"column":15},"end":{"line":64,"column":null}},"30":{"start":{"line":66,"column":2},"end":{"line":69,"column":null}},"31":{"start":{"line":67,"column":3},"end":{"line":67,"column":null}},"32":{"start":{"line":68,"column":3},"end":{"line":68,"column":null}},"33":{"start":{"line":71,"column":2},"end":{"line":71,"column":null}},"34":{"start":{"line":72,"column":2},"end":{"line":72,"column":null}},"35":{"start":{"line":74,"column":2},"end":{"line":83,"column":null}},"36":{"start":{"line":75,"column":20},"end":{"line":75,"column":null}},"37":{"start":{"line":76,"column":3},"end":{"line":76,"column":null}},"38":{"start":{"line":77,"column":3},"end":{"line":77,"column":null}},"39":{"start":{"line":78,"column":3},"end":{"line":78,"column":null}},"40":{"start":{"line":80,"column":3},"end":{"line":80,"column":null}},"41":{"start":{"line":82,"column":3},"end":{"line":82,"column":null}},"42":{"start":{"line":87,"column":26},"end":{"line":108,"column":null}},"43":{"start":{"line":88,"column":19},"end":{"line":88,"column":null}},"44":{"start":{"line":89,"column":18},"end":{"line":89,"column":null}},"45":{"start":{"line":91,"column":2},"end":{"line":94,"column":null}},"46":{"start":{"line":92,"column":3},"end":{"line":92,"column":null}},"47":{"start":{"line":93,"column":3},"end":{"line":93,"column":null}},"48":{"start":{"line":96,"column":2},"end":{"line":96,"column":null}},"49":{"start":{"line":97,"column":2},"end":{"line":97,"column":null}},"50":{"start":{"line":99,"column":2},"end":{"line":107,"column":null}},"51":{"start":{"line":100,"column":3},"end":{"line":100,"column":null}},"52":{"start":{"line":101,"column":3},"end":{"line":101,"column":null}},"53":{"start":{"line":102,"column":3},"end":{"line":102,"column":null}},"54":{"start":{"line":104,"column":3},"end":{"line":104,"column":null}},"55":{"start":{"line":106,"column":3},"end":{"line":106,"column":null}},"56":{"start":{"line":111,"column":33},"end":{"line":119,"column":null}},"57":{"start":{"line":112,"column":15},"end":{"line":112,"column":null}},"58":{"start":{"line":113,"column":2},"end":{"line":118,"column":null}},"59":{"start":{"line":114,"column":3},"end":{"line":114,"column":null}},"60":{"start":{"line":115,"column":3},"end":{"line":115,"column":null}},"61":{"start":{"line":117,"column":3},"end":{"line":117,"column":null}},"62":{"start":{"line":121,"column":1},"end":{"line":347,"column":null}},"63":{"start":{"line":186,"column":7},"end":{"line":186,"column":null}},"64":{"start":{"line":186,"column":44},"end":{"line":186,"column":null}},"65":{"start":{"line":203,"column":29},"end":{"line":203,"column":49}},"66":{"start":{"line":241,"column":8},"end":{"line":241,"column":null}},"67":{"start":{"line":241,"column":45},"end":{"line":241,"column":null}},"68":{"start":{"line":290,"column":8},"end":{"line":290,"column":null}},"69":{"start":{"line":290,"column":45},"end":{"line":290,"column":null}},"70":{"start":{"line":299,"column":29},"end":{"line":299,"column":49}},"71":{"start":{"line":339,"column":33},"end":{"line":340,"column":25}}},"fnMap":{"0":{"name":"TwoFactorModal","decl":{"start":{"line":16,"column":24},"end":{"line":16,"column":39}},"loc":{"start":{"line":16,"column":88},"end":{"line":354,"column":null}},"line":16},"1":{"name":"(anonymous_1)","decl":{"start":{"line":30,"column":29},"end":{"line":30,"column":null}},"loc":{"start":{"line":30,"column":29},"end":{"line":36,"column":null}},"line":30},"2":{"name":"(anonymous_2)","decl":{"start":{"line":39,"column":24},"end":{"line":39,"column":null}},"loc":{"start":{"line":39,"column":24},"end":{"line":59,"column":null}},"line":39},"3":{"name":"(anonymous_3)","decl":{"start":{"line":62,"column":26},"end":{"line":62,"column":null}},"loc":{"start":{"line":62,"column":26},"end":{"line":84,"column":null}},"line":62},"4":{"name":"(anonymous_4)","decl":{"start":{"line":87,"column":26},"end":{"line":87,"column":null}},"loc":{"start":{"line":87,"column":26},"end":{"line":108,"column":null}},"line":87},"5":{"name":"(anonymous_5)","decl":{"start":{"line":111,"column":33},"end":{"line":111,"column":null}},"loc":{"start":{"line":111,"column":33},"end":{"line":119,"column":null}},"line":111},"6":{"name":"(anonymous_6)","decl":{"start":{"line":185,"column":17},"end":{"line":185,"column":18}},"loc":{"start":{"line":185,"column":18},"end":{"line":187,"column":null}},"line":
[...]
column":2},"end":{"line":249,"column":null}},"49":{"start":{"line":260,"column":3},"end":{"line":260,"column":null}},"50":{"start":{"line":261,"column":2},"end":{"line":261,"column":null}},"51":{"start":{"line":262,"column":2},"end":{"line":262,"column":null}},"52":{"start":{"line":266,"column":2},"end":{"line":266,"column":null}},"53":{"start":{"line":266,"column":26},"end":{"line":266,"column":null}},"54":{"start":{"line":269,"column":2},"end":{"line":280,"column":null}},"55":{"start":{"line":270,"column":21},"end":{"line":270,"column":42}},"56":{"start":{"line":271,"column":3},"end":{"line":279,"column":null}},"57":{"start":{"line":272,"column":4},"end":{"line":272,"column":null}},"58":{"start":{"line":273,"column":4},"end":{"line":273,"column":null}},"59":{"start":{"line":274,"column":10},"end":{"line":279,"column":null}},"60":{"start":{"line":276,"column":4},"end":{"line":276,"column":null}},"61":{"start":{"line":277,"column":4},"end":{"line":277,"column":null}},"62":{"start":{"line":278,"column":4},"end":{"line":278,"column":null}},"63":{"start":{"line":282,"column":17},"end":{"line":282,"column":40}},"64":{"start":{"line":283,"column":2},"end":{"line":289,"column":null}},"65":{"start":{"line":284,"column":18},"end":{"line":284,"column":null}},"66":{"start":{"line":285,"column":3},"end":{"line":285,"column":null}},"67":{"start":{"line":286,"column":3},"end":{"line":286,"column":null}},"68":{"start":{"line":287,"column":3},"end":{"line":287,"column":null}},"69":{"start":{"line":288,"column":3},"end":{"line":288,"column":null}},"70":{"start":{"line":291,"column":2},"end":{"line":291,"column":null}},"71":{"start":{"line":292,"column":2},"end":{"line":292,"column":null}},"72":{"start":{"line":296,"column":19},"end":{"line":296,"column":21}},"73":{"start":{"line":298,"column":2},"end":{"line":339,"column":null}},"74":{"start":{"line":299,"column":21},"end":{"line":299,"column":42}},"75":{"start":{"line":300,"column":3},"end":{"line":300,"column":29}},"76":{"start":{"line":300,"column":22},"end":{"line":300,"column":29}},"77":{"start":{"line":302,"column":20},"end":{"line":302,"column":null}},"78":{"start":{"line":303,"column":3},"end":{"line":307,"column":null}},"79":{"start":{"line":304,"column":4},"end":{"line":305,"column":null}},"80":{"start":{"line":308,"column":3},"end":{"line":312,"column":null}},"81":{"start":{"line":309,"column":4},"end":{"line":310,"column":null}},"82":{"start":{"line":314,"column":21},"end":{"line":314,"column":null}},"83":{"start":{"line":315,"column":3},"end":{"line":315,"column":37}},"84":{"start":{"line":315,"column":30},"end":{"line":315,"column":37}},"85":{"start":{"line":317,"column":17},"end":{"line":317,"column":41}},"86":{"start":{"line":318,"column":22},"end":{"line":318,"column":null}},"87":{"start":{"line":319,"column":24},"end":{"line":319,"column":null}},"88":{"start":{"line":320,"column":22},"end":{"line":320,"column":null}},"89":{"start":{"line":323,"column":3},"end":{"line":335,"column":null}},"90":{"start":{"line":324,"column":20},"end":{"line":324,"column":null}},"91":{"start":{"line":325,"column":4},"end":{"line":325,"column":null}},"92":{"start":{"line":326,"column":10},"end":{"line":335,"column":null}},"93":{"start":{"line":327,"column":4},"end":{"line":327,"column":null}},"94":{"start":{"line":328,"column":23},"end":{"line":328,"column":null}},"95":{"start":{"line":329,"column":10},"end":{"line":329,"column":null}},"96":{"start":{"line":330,"column":4},"end":{"line":330,"column":null}},"97":{"start":{"line":332,"column":4},"end":{"line":333,"column":null}},"98":{"start":{"line":337,"column":3},"end":{"line":337,"column":null}},"99":{"start":{"line":338,"column":3},"end":{"line":338,"column":null}},"100":{"start":{"line":342,"column":2},"end":{"line":352,"column":null}},"101":{"start":{"line":343,"column":21},"end":{"line":343,"column":42}},"102":{"start":{"line":344,"column":3},"end":{"line":351,"column":null}},"103":{"start":{"line":345,"column":4},"end":{"line":345,"column":null}},"104":{"start":{"line":346,"column":4},"end":{"line":346,"column":null}},"105":{"start":{"line":347,"column":10},"end":{"line":351,"column":null}},"106":{"start":{"line":348,"column":4},"end":{"line":348,"column":null}},"107":{"start":{"line":349,"column":4},"end":{"line":349,"column":null}},"108":{"start":{"line":350,"column":4},"end":{"line":350,"column":null}},"109":{"start":{"line":354,"column":2},"end":{"line":354,"column":null}},"110":{"start":{"line":229,"column":1},"end":{"line":229,"column":9}},"111":{"start":{"line":230,"column":1},"end":{"line":230,"column":9}},"112":{"start":{"line":231,"column":1},"end":{"line":231,"column":9}},"113":{"start":{"line":232,"column":1},"end":{"line":232,"column":10}},"114":{"start":{"line":235,"column":2},"end":{"line":235,"column":null}},"115":{"start":{"line":236,"column":2},"end":{"line":236,"column":null}},"116":{"start":{"line":237,"column":2},"end":{"line":237,"column":null}},"117":{"start":{"line":238,"column":2},"end":{"line":238,"column":null}}},"fnMap":{"0":{"name":"initZstd","decl":{"start":{"line":83,"column":16},"end":{"line":83,"column":null}},"loc":{"start":{"line":83,"column":16},"end":{"line":90,"column":null}},"line":83},"1":{"name":"(anonymous_1)","decl":{"start":{"line":85,"column":36},"end":{"line":85,"column":null}},"loc":{"start":{"line":85,"column":36},"end":{"line":87,"column":null}},"line":85},"2":{"name":"assertZstdInitialized","decl":{"start":{"line":92,"column":9},"end":{"line":92,"column":null}},"loc":{"start":{"line":92,"column":9},"end":{"line":103,"column":null}},"line":92},"3":{"name":"readU32BE","decl":{"start":{"line":109,"column":9},"end":{"line":109,"column":19}},"loc":{"start":{"line":109,"column":50},"end":{"line":117,"column":null}},"line":109},"4":{"name":"writeU32BE","decl":{"start":{"line":119,"column":9},"end":{"line":119,"column":20}},"loc":{"start":{"line":119,"column":66},"end":{"line":124,"column":null}},"line":119},"5":{"name":"nextCapacity","decl":{"start":{"line":126,"column":9},"end":{"line":126,"column":22}},"loc":{"start":{"line":126,"column":41},"end":{"line":131,"column":null}},"line":126},"6":{"name":"(anonymous_6)","decl":{"start":{"line":184,"column":1},"end":{"line":184,"column":11}},"loc":{"start":{"line":184,"column":33},"end":{"line":213,"column":null}},"line":184},"7":{"name":"(anonymous_7)","decl":{"start":{"line":173,"column":1},"end":{"line":173,"column":13}},"loc":{"start":{"line":173,"column":43},"end":{"line":178,"column":null}},"line":173},"8":{"name":"(anonymous_8)","decl":{"start":{"line":242,"column":5},"end":{"line":242,"column":29}},"loc":{"start":{"line":242,"column":29},"end":{"line":244,"column":null}},"line":242},"9":{"name":"(anonymous_9)","decl":{"start":{"line":247,"column":1},"end":{"line":247,"column":15}},"loc":{"start":{"line":247,"column":15},"end":{"line":250,"column":null}},"line":247},"10":{"name":"(anonymous_10)","decl":{"start":{"line":258,"column":1},"end":{"line":258,"column":6}},"loc":{"start":{"line":258,"column":44},"end":{"line":263,"column":null}},"line":258},"11":{"name":"(anonymous_11)","decl":{"start":{"line":265,"column":9},"end":{"line":265,"column":16}},"loc":{"start":{"line":265,"column":41},"end":{"line":293,"column":null}},"line":265},"12":{"name":"(anonymous_12)","decl":{"start":{"line":295,"column":9},"end":{"line":295,"column":22}},"loc":{"start":{"line":295,"column":22},"end":{"line":355,"column":null}},"line":295},"13":{"name":"(anonymous_13)","decl":{"start":{"line":234,"column":1},"end":{"line":234,"column":13}},"loc":{"start":{"line":234,"column":43},"end":{"line":239,"column":null}},"line":234}},"branchMap":{"0":{"loc":{"start":{"line":84,"column":1},"end":{"line":88,"column":null}},"type":"if","locations":[{"start":{"line":84,"column":1},"end":{"line":88,"column":null}},{"start":{},"end":{}}],"line":84},"1":{"loc":{"start":{"line":93,"column":1},"end":{"line":97,"column":null}},"type":"if","locations":[{"start":{"line":93,"column":1},"end":{"line":97,"column":null}},{"start":{},"end":{}}],"line":93},"2":{"loc":{"start":{"line":98,"column":1},"end":{"line":102,"column":null}},"type":"if","locations":[{"start":{"line":98,"column":1},"end":{"line":102,"column":null}},{"start":{},"end":{}}],"line":98},"3":{"loc":{"start":{"line":190,"column":2},"end":{"line":194,"column":null}},"type":"if","locations":[{"start":{"line":190,"column":2},"end":{"line":194,"column":null}},{"start":{},"end":{}}],"line":190},"4":{"loc":{"start":{"line":197,"column":2},"end":{"line":201,"column":null}},"type":"if","locations":[{"start":{"line":197,"column":2},"end":{"line":201,"column":null}},{"start":{},"end":{}}],"line":197},"5":{"loc":{"start":{"line":202,"column":2},"end":{"line":206,"column":null}},"type":"if","locations":[{"start":{"line":202,"column":2},"end":{"line":206,"column":null}},{"start":{},"end":{}}],"line":202},"6":{"loc":{"start":{"line":173,"column":13},"end":{"line":173,"column":41}},"type":"default-arg","locations":[{"start":{"line":173,"column":39},"end":{"line":173,"column":41}}],"line":173},"7":{"loc":{"start":{"line":175,"column":3},"end":{"line":175,"column":null}},"type":"binary-expr","locations":[{"start":{"line":175,"column":3},"end":{"line":175,"column":28}},{"start":{"line":175,"column":32},"end":{"line":175,"column":null}}],"line":175},"8":{"loc":{"start":{"line":176,"column":19},"end":{"line":176,"column":null}},"type":"binary-expr","locations":[{"start":{"line":176,"column":19},"end":{"line":176,"column":36}},{"start":{"line":176,"column":40},"end":{"line":176,"column":null}}],"line":176},"9":{"loc":{"start":{"line":177,"column":23},"end":{"line":177,"column":null}},"type":"binary-expr","locations":[{"start":{"line":177,"column":23},"end":{"line":177,"column":44}},{"start":{"line":177,"column":48},"end":{"line":177,"column":null}}],"line":177},"10":{"loc":{"start":{"line":260,"column":3},"end":{"line":260,"column":null}},"type":"cond-expr","locations":[{"start":{"line":260,"column":33},"end":{"line":260,"column":41}},{"start":{"line":260,"column":41},"end":{"line":260,"column":null}}],"line":260},"11":{"loc":{"start":{"line":266,"column":2},"end":{"line":266,"column":null}},"type":"if","locations":[{"start":{"line":266,"column":2},"end":{"line":266,"column":null}},{"start":{},"end":{}}],"line":266},"12":{"loc":{"start":{"line":269,"column":2},"end":{"line":280,"column":null}},"type":"if","locations":[{"start":{"line":269,"column":2},"end":{"line":280,"column":null}},{"start":{},"end":{}}],"line":269},"13":{"loc":{"start":{"line":271,"column":3},"end":{"line":279,"column":null}},"type":"if","locations":[{"start":{"line":271,"column":3},"end":{"line":279,"column":null}},{"start":{"line":274,"column":10},"end":{"line":279,"column":null}}],"line":271},"14":{"loc":{"start":{"line":274,"column":10},"end":{"line":279,"column":null}},"type":"if","locations":[{"start":{"line":274,"column":10},"end":{"line":279,"column":null}},{"start":{},"end":{}}],"line":274},"15":{"loc":{"start":{"line":283,"column":2},"end":{"line":289,"column":null}},"type":"if","locations":[{"start":{"line":283,"column":2},"end":{"line":289,"column":null}},{"start":{},"end":{}}],"line":283},"16":{"loc":{"start":{"line":300,"column":3},"end":{"line":300,"column":29}},"type":"if","locations":[{"start":{"line":300,"column":3},"end":{"line":300,"column":29}},{"start":{},"end":{}}],"line":300},"17":{"loc":{"start":{"line":303,"column":3},"end":{"line":307,"column":null}},"type":"if","locations":[{"start":{"line":303,"column":3},"end":{"line":307,"column":null}},{"start":{},"end":{}}],"line":303},"18":{"loc":{"start":{"line":308,"column":3},"end":{"line":312,"column":null}},"type":"if","locations":[{"start":{"line":308,"column":3},"end":{"line":312,"column":null}},{"start":{},"end":{}}],"line":308},"19":{"loc":{"start":{"line":315,"column":3},"end":{"line":315,"column":37}},"type":"if","locations":[{"start":{"line":315,"column":3},"end":{"line":315,"column":37}},{"start":{},"end":{}}],"line":315},"20":{"loc":{"start":{"line":323,"column":3},"end":{"line":335,"column":null}},"type":"if","locations":[{"start":{"line":323,"column":3},"end":{"line":335,"column":null}},{"start":{"line":326,"column":10},"end":{"line":335,"column":null}}],"line":323},"21":{"loc":{"start":{"line":326,"column":10},"end":{"line":335,"column":null}},"type":"if","locations":[{"start":{"line":326,"column":10},"end":{"line":335,"column":null}},{"start":{"line":331,"column":10},"end":{"line":335,"column":null}}],"line":326},"22":{"loc":{"start":{"line":342,"column":2},"end":{"line":352,"column":null}},"type":"if","locations":[{"start":{"line":342,"column":2},"end":{"line":352,"column":null}},{"start":{},"end":{}}],"line":342},"23":{"loc":{"start":{"line":344,"column":3},"end":{"line":351,"column":null}},"type":"if","locations":[{"start":{"line":344,"column":3},"end":{"line":351,"column":null}},{"start":{"line":347,"column":10},"end":{"line":351,"column":null}}],"line":344},"24":{"loc":{"start":{"line":347,"column":10},"end":{"line":351,"column":null}},"type":"if","locations":[{"start":{"line":347,"column":10},"end":{"line":351,"column":null}},{"start":{},"end":{}}],"line":347},"25":{"loc":{"start":{"line":347,"column":14},"end":{"line":347,"column":79}},"type":"binary-expr","locations":[{"start":{"line":347,"column":14},"end":{"line":347,"column":41}},{"start":{"line":347,"column":41},"end":{"line":347,"column":79}}],"line":347},"26":{"loc":{"start":{"line":234,"column":13},"end":{"line":234,"column":41}},"type":"default-arg","locations":[{"start":{"line":234,"column":39},"end":{"line":234,"column":41}}],"line":234},"27":{"loc":{"start":{"line":238,"column":23},"end":{"line":238,"column":null}},"type":"binary-expr","locations":[{"start":{"line":238,"column":23},"end":{"line":238,"column":44}},{"start":{"line":238,"column":48},"end":{"line":238,"column":null}}],"line":238}},"s":{"0":1,"1":1,"2":1,"3":1,"4":1,"5":1,"6":4,"7":1,"8":1,"9":4,"10":3,"11":0,"12":3,"13":0,"14":12,"15":11,"16":11,"17":11,"18":11,"19":0,"20":0,"21":0,"22":0,"23":12,"24":12,"25":12,"26":12,"27":2,"28":2,"29":2,"30":12,"31":12,"32":1,"33":11,"34":0,"35":11,"36":11,"37":11,"38":11,"39":11,"40":17,"41":17,"42":17,"43":17,"44":17,"45":17,"46":3,"47":1,"48":1,"49":11,"50":11,"51":11,"52":11,"53":1,"54":10,"55":0,"56":0,"57":0,"58":0,"59":0,"60":0,"61":0,"62":0,"63":10,"64":10,"65":0,"66":0,"67":0,"68":0,"69":0,"70":10,"71":10,"72":11,"73":11,"74":18,"75":18,"76":6,"77":12,"78":12,"79":1,"80":11,"81":1,"82":10,"83":10,"84":2,"85":8,"86":8,"87":8,"88":8,"89":8,"90":6,"91":6,"92":2,"93":1,"94":1,"95":1,"96":1,"97":1,"98":7,"99":7,"100":8,"101":5,"102":5,"103":5,"104":5,"105":0,"106":0,"107":0,"108":0,"109":8,"110":13,"111":13,"112":13,"113":13,"114":13,"115":13,"116":13,"117":13},"f":{"0":4,"1":1,"2":3,"3":12,"4":11,"5":0,"6":12,"7":17,"8":3,"9":1,"10":11,"11":11,"12":11,"13":13},"b":{"0":[1,3],"1":[0,3],"2":[0,3],"3":[2,10],"4":[1,11],"5":[0,11],"6":[17],"7":[17,1],"8":[17,17],"9":[17,16],"10":[10,1],"11":[1,10],"12":[0,10],"13":[0,0],"14":[0,0],"15":[0,10],"16":[6,12],"17":[1,11],"18":[1,10],"19":[2,8],"20":[6,2],"21":[1,1],"22":[5,3],"23":[5,0],"24":[0,0],"25":[0,0],"26":[13],"27":[13,12]},"meta":{"lastBranch":28,"lastFunction":14,"lastStatement":118,"seen":{"s:43:42:43:Infinity":0,"s:46:34:46:Infinity":1,"s:55:46:55:Infinity":2,"s:68:38:68:Infinity":3,"s:74:44:74:Infinity":4,"s:75:16:75:Infinity":5,"f:83:16:83:Infinity":0,"b:84:1:88:Infinity:undefined:undefined:undefined:undefined":0,"s:84:1:88:Infinity":6,"s:85:2:87:Infinity":7,"f:85:36:85:Infinity":1,"s:86:3:86:Infinity":8,"s:89:1:89:Infinity":9,"f:92:9:92:Infinity":2,"b:93:1:97:Infinity:undefined:undefined:undefined:undefined":1,"s:93:1:97:Infinity":10,"s:94:2:95:Infinity":11,"b:98:1:102:Infinity:undefined:undefined:undefined:undefined":2,"s:98:1:102:Infinity":12,"s:99:2:100:Infinity":13,"f:109:9:109:19":3,"s:111:1:116:Infinity":14,"f:119:9:119:20":4,"s:120:1:120:Infinity":15,"s:121:1:121:Infinity":16,"s:122:1:122:Infinity":17,"s:123:1:123:Infinity":18,"f:126:9:126:22":5,"s:128:11:128:Infinity":19,"s:129:1:129:Infinity":20,"s:129:27:129:Infinity":21,"s:130:1:130:Infinity":22,"f:184:1:184:11":6,"s:185:8:185:Infinity":23,"s:187:14:187:Infinity":24,"s:188:16:188:Infinity":25,"b:190:2:194:Infinity:undefined:undefined:undefined:undefined":3,"s:190:2:194:Infinity":26,"s:191:3:191:Infinity":27,"s:192:3:192:Infinity":28,"s:193:3:193:Infinity":29,"s:196:19:196:37":30,"b:197:2:201:Infinity:undefined:undefined:undefined:undefined":4,"s:197:2:201:Infinity":31,"s:198:3:199:Infinity":32,"b:202:2:206:Infinity:undefined:undefined:undefined:undefined":5,"s:202:2:206:Infinity":33,"s:203:3:204:Infinity":34,"s:208:14:208:Infinity":35,"s:209:2:209:Infinity":36,"s:210:2:210:Infinity":37,"s:211:2:211:Infinity":38,"s:212:2:212:Infinity":39,"f:173:1:173:13":7,"b:173:39:173:41":6,"s:169:1:169:10":40,"s:170:1:170:10":41,"s:171:1:171:10":42,"s:174:2:175:Infinity":43,"b:175:3:175:28:175:32:175:Infinity":7,"s:176:2:176:Infinity":44,"b:176:19:176:36:176:40:176:Infinity":8,"s:177:2:177:Infinity":45,"b:177:23:177:44:177:48:177:Infinity":9,"f:242:5:242:29":8,"s:243:2:243:Infinity":46,"f:247:1:247:15":9,"s:248:2:248:Infinity":47,"s:249:2:249:Infinity":48,"f:258:1:258:6":10,"s:260:3:260:Infinity":49,"b:260:33:260:41:260:41:260:Infinity":10,"s:261:2:261:Infinity":50,"s:262:2:262:Infinity":51,"f:265:9:265:16":11,"b:266:2:266:Infinity:undefined:undefined:undefined:undefined":11,"s:266:2:266:Infinity":52,"s:266:26:266:Infinity":53,"b:269:2:280:Infinity:undefined:undefined:undefined:undefined":12,"s:269:2:280:Infinity":54,"s:270:21:270:42":55,"b:271:3:279:Infinity:274:10:279:Infinity":13,"s:271:3:279:Infinity":56,"s:272:4:272:Infinity":57,"s:273:4:273:Infinity":58,"b:274:10:279:Infinity:undefined:undefined:undefined:undefined":14,"s:274:10:279:Infinity":59,"s:276:4:276:Infinity":60,"s:277:4:277:Infinity":61,"s:278:4:278:Infinity":62,"s:282:17:282:40":63,"b:283:2:289:Infinity:undefined:undefined:undefined:undefined":15,"s:283:2:289:Infinity":64,"s:284:18:284:Infinity":65,"s:285:3:285:Infinity":66,"s:286:3:286:Infinity":67,"s:287:3:287:Infinity":68,"s:288:3:288:Infinity":69,"s:291:2:291:Infinity":70,"s:292:2:292:Infinity":71,"f:295:9:295:22":12,"s:296:19:296:21":72,"s:298:2:339:Infinity":73,"s:299:21:299:42":74,"b:300:3:300:29:undefined:undefined:undefined:undefined":16,"s:300:3:300:29":75,"s:300:22:300:29":76,"s:302:20:302:Infinity":77,"b:303:3:307:Infinity:undefined:undefined:undefined:undefined":17,"s:303:3:307:Infinity":78,"s:304:4:305:Infinity":79,"b:308:3:312:Infinity:undefined:undefined:undefined:undefined":18,"s:308:3:312:Infinity":80,"s:309:4:310:Infinity":81,"s:314:21:314:Infinity":82,"b:315:3:315:37:undefined:undefined:undefined:undefined":19,"s:315:3:315:37":83,"s:315:30:315:37":84,"s:317:17:317:41":85,"s:318:22:318:Infinity":86,"s:319:24:319:Infinity":87,"s:320:22:320:Infinity":88,"b:323:3:335:Infinity:326:10:335:Infinity":20,"s:323:3:335:Infinity":89,"s:324:20:324:Infinity":90,"s:325:4:325:Infinity":91,"b:326:10:335:Infinity:331:10:335:Infinity":21,"s:326:10:335:Infinity":92,"s:327:4:327:Infinity":93,"s:328:23:328:Infinity":94,"s:329:10:329:Infinity":95,"s:330:4:330:Infinity":96,"s:332:4:333:Infinity":97,"s:337:3:337:Infinity":98,"s:338:3:338:Infinity":99,"b:342:2:352:Infinity:undefined:undefined:undefined:undefined":22,"s:342:2:352:Infinity":100,"s:343:21:343:42":101,"b:344:3:351:Infinity:347:10:351:Infinity":23,"s:344:3:351:Infinity":102,"s:345:4:345:Infinity":103,"s:346:4:346:Infinity":104,"b:347:10:351:Infinity:undefined:undefined:undefined:undefined":24,"s:347:10:351:Infinity":105,"b:347:14:347:41:347:41:347:79":25,"s:348:4:348:Infinity":106,"s:349:4:349:Infinity":107,"s:350:4:350:Infinity":108,"s:354:2:354:Infinity":109,"f:234:1:234:13":13,"b:234:39:234:41":26,"s:229:1:229:9":110,"s:230:1:230:9":111,"s:231:1:231:9":112,"s:232:1:232:10":113,"s:235:2:235:Infinity":114,"s:236:2:236:Infinity":115,"s:237:2:237:Infinity":116,"s:238:2:238:Infinity":117,"b:238:23:238:44:238:48:238:Infinity":27}}}
}
